commit 9419ef52e3f5749be8cffb65672dbcd02907638b
Author: Thuan T. Nguyen <nguyenthaithuanalg@gmail.com>
Date:   Sun Apr 28 21:07:29 2024 +0700

    en

commit 3abef3366f19646e9df651b4563da84e8c50ab08
Author: Thuan T. Nguyen <nguyenthaithuanalg@gmail.com>
Date:   Wed Jan 31 11:28:39 2024 +0700

    en

commit 1c15a3cdbf258adb32e78dd215bf2dd8c10b0165
Author: Thuan T. Nguyen <nguyenthaithuanalg@gmail.com>
Date:   Tue Jan 30 21:03:35 2024 +0700

    en

commit 9090df970c0f52f8c4399f9dc6707522d5adcb30
Author: Thuan T. Nguyen <nguyenthaithuanalg@gmail.com>
Date:   Tue Jan 30 21:01:19 2024 +0700

    en

commit a2374bf8fe5bd1c47236340b0930d8ac2fb1b2b2
Author: Thuan T. Nguyen <nguyenthaithuanalg@gmail.com>
Date:   Sun Jan 28 11:39:07 2024 +0700

    en

commit b47746b8d931d71cbe978ce3f3c3e808e2c59e37
Author: Thuan T. Nguyen <nguyenthaithuanalg@gmail.com>
Date:   Sun Jan 28 11:13:59 2024 +0700

    en

commit 9097c4a678b4e2b6230289ff45137a91ecc69d11
Author: Thuan T. Nguyen <nguyenthaithuanalg@gmail.com>
Date:   Sun Jan 28 10:42:24 2024 +0700

    en

commit db39ce863c791e783968b4ed7372d836a1fb5c9f
Author: Thuan T. Nguyen <nguyenthaithuanalg@gmail.com>
Date:   Sun Jan 28 09:41:11 2024 +0700

    en

commit 50389028cd948accb9633b47bc0f274589e2487b
Author: Thuan T. Nguyen <nguyenthaithuanalg@gmail.com>
Date:   Sun Jan 28 09:09:44 2024 +0700

    en

commit 147cc63e5deb09ae16df11eb6bae13f8c7f83adb
Author: Thuan T. Nguyen <nguyenthaithuanalg@gmail.com>
Date:   Sun Jan 28 09:05:20 2024 +0700

    en

commit c5c2d98e6bb82b8efd37608dc4b44c2efd5734de
Author: Thuan T. Nguyen <nguyenthaithuanalg@gmail.com>
Date:   Sun Jan 28 09:04:45 2024 +0700

    en

commit 19c6de79c5c35ddb2bf551cfcb4c5bd437d80c6b
Author: Thuan T. Nguyen <nguyenthaithuanalg@gmail.com>
Date:   Sun Jan 28 08:55:26 2024 +0700

    en

commit 1fd8252b06b1c3263b57c5b84e8945800ffcd44c
Author: Thuan T. Nguyen <nguyenthaithuanalg@gmail.com>
Date:   Sat Jan 27 19:26:01 2024 +0700

    en

commit fdb4564f1f03f8ceed9269c88ddae2d98552f39b
Author: Thuan T. Nguyen <nguyenthaithuanalg@gmail.com>
Date:   Fri Jan 26 23:12:30 2024 +0700

    en

commit 5875f8acdd7e8bce0d0b5e3a16f0548f2a010a95
Author: Thuan T. Nguyen <nguyenthaithuanalg@gmail.com>
Date:   Fri Jan 26 21:59:36 2024 +0700

    en

commit e34b928f41980e27fd3feac135b13759fb4332ec
Author: Thuan T. Nguyen <nguyenthaithuanalg@gmail.com>
Date:   Thu Jan 25 00:56:33 2024 +0700

    en

commit aa2b242d41f2e996540ddfd3834a2156b1ad17f8
Author: Thuan T. Nguyen <nguyenthaithuanalg@gmail.com>
Date:   Wed Jan 24 22:04:16 2024 +0700

    en

commit 747f33f6b0828b38f1d28924b1c2d0a48b8a59c4
Author: Thuan T. Nguyen <nguyenthaithuanalg@gmail.com>
Date:   Wed Jan 24 21:47:30 2024 +0700

    en

commit 0e736cdf1c958cf766260e09bfacddc02d5e8064
Author: Thuan T. Nguyen <nguyenthaithuanalg@gmail.com>
Date:   Wed Jan 24 20:51:07 2024 +0700

    en

commit 70ef7295ffc455321a00c91ca1513c7a3d8da89b
Author: Thuan T. Nguyen <nguyenthaithuanalg@gmail.com>
Date:   Tue Jan 23 23:34:05 2024 +0700

    en

commit a5af08d97510b7a67d95a987ccf3314600ddc2ec
Author: Thuan T. Nguyen <nguyenthaithuanalg@gmail.com>
Date:   Mon Jan 22 20:03:20 2024 +0700

    en

commit 74af2a30708c560d6acd3906a6cfd1eb7c8cfee0
Author: Thuan T. Nguyen <nguyenthaithuanalg@gmail.com>
Date:   Sun Jan 21 23:01:21 2024 +0700

    en

commit b5e0400028557b0d56696b8f89b0f22b51755302
Author: Thuan T. Nguyen <nguyenthaithuanalg@gmail.com>
Date:   Sun Jan 21 22:00:16 2024 +0700

    en

commit 8ad96ddbf5d961e73d374dbc803278a5ee718933
Author: Thuan T. Nguyen <nguyenthaithuanalg@gmail.com>
Date:   Sun Jan 21 21:50:14 2024 +0700

    en

commit 71f871c6662a6f749a0bfbeee7d51a2025511e7a
Author: Thuan T. Nguyen <nguyenthaithuanalg@gmail.com>
Date:   Sun Jan 21 21:04:36 2024 +0700

    en

commit 3afe05b38d3748aee029049ffd69c49605bbf781
Author: Thuan T. Nguyen <nguyenthaithuanalg@gmail.com>
Date:   Sun Jan 21 15:20:32 2024 +0700

    en

commit d441ada8d78c7288482ee7c5ab15e12b8e19cf0b
Author: Thuan T. Nguyen <nguyenthaithuanalg@gmail.com>
Date:   Sat Jan 20 22:06:42 2024 +0700

    en

commit ca97858393acecf4f72a0eb937808fe2fbd03b0c
Author: Thuan T. Nguyen <nguyenthaithuanalg@gmail.com>
Date:   Sat Jan 20 20:54:52 2024 +0700

    en

commit 1b00bc234797dd93c0d768ec8ae95e3fc2bfc197
Author: Thuan T. Nguyen <nguyenthaithuanalg@gmail.com>
Date:   Wed Jan 17 21:56:38 2024 +0700

    en

commit f89d40347576569d39c0187d50f2e9579e3d3e57
Author: Thuan T. Nguyen <nguyenthaithuanalg@gmail.com>
Date:   Tue Jan 16 22:19:02 2024 +0700

    en

commit 1f3f1cc9a35bc0260241c8c797a8a8b1e9b0a012
Author: Thuan T. Nguyen <nguyenthaithuanalg@gmail.com>
Date:   Mon Jan 15 21:38:09 2024 +0700

    en

commit 086d9bc9c77c25d40fb93143c164c5846a57e5b5
Author: Thuan T. Nguyen <nguyenthaithuanalg@gmail.com>
Date:   Mon Jan 15 21:33:52 2024 +0700

    en

commit 29c32c628963bb984a6e19d7f8c286043682534b
Author: Thuan T. Nguyen <nguyenthaithuanalg@gmail.com>
Date:   Mon Jan 15 20:21:52 2024 +0700

    en

commit 9f01b458793401102029ccf19215befbb5388c37
Author: Thuan T. Nguyen <nguyenthaithuanalg@gmail.com>
Date:   Sun Jan 14 23:04:08 2024 +0700

    en

commit 16924b303eb5e58ceb322aec2a4b4f0cae97db7a
Author: Thuan T. Nguyen <nguyenthaithuanalg@gmail.com>
Date:   Sun Jan 14 22:04:07 2024 +0700

    en

commit fdcce5b685f2d6e1c36d2f93512f8452e798cc3e
Author: Thuan T. Nguyen <nguyenthaithuanalg@gmail.com>
Date:   Thu Jan 11 23:15:22 2024 +0700

    en

commit b0fcf39a35194cad3e9df6544dc99fb2b5412974
Author: Thuan T. Nguyen <nguyenthaithuanalg@gmail.com>
Date:   Thu Jan 11 22:24:22 2024 +0700

    en

commit e285654d7d521219aa71ca33ae7615bcd3806acd
Author: Thuan T. Nguyen <nguyenthaithuanalg@gmail.com>
Date:   Wed Jan 10 23:24:05 2024 +0700

    en

commit a5bd704073ac961a9b2f229025f17cba36660301
Author: Thuan T. Nguyen <nguyenthaithuanalg@gmail.com>
Date:   Wed Jan 10 23:06:48 2024 +0700

    en

commit 3386377476be84d3c09e16a17b53c752026b1679
Author: Thuan T. Nguyen <nguyenthaithuanalg@gmail.com>
Date:   Wed Jan 10 23:01:55 2024 +0700

    en

commit f9a03dbd9a9b7b18733aa6c38fdcfcfff8936874
Author: Thuan T. Nguyen <nguyenthaithuanalg@gmail.com>
Date:   Wed Jan 10 22:56:18 2024 +0700

    en

commit f45116302e35dc9d0fa6041bb8e29be756960209
Author: Thuan T. Nguyen <nguyenthaithuanalg@gmail.com>
Date:   Wed Jan 10 22:52:39 2024 +0700

    en

commit 15a400f72b90b88d14adf8b1e9550af29cf02584
Author: Thuan T. Nguyen <nguyenthaithuanalg@gmail.com>
Date:   Wed Jan 10 22:43:11 2024 +0700

    en

commit c09a0e41aa9b08aa7ac5ca62b9b82f8253e24ed1
Author: Thuan T. Nguyen <nguyenthaithuanalg@gmail.com>
Date:   Wed Jan 10 22:29:03 2024 +0700

    en

commit 4537fd77c61bbd203c5e0754cc33dbab6e5a5ab2
Author: Thuan T. Nguyen <nguyenthaithuanalg@gmail.com>
Date:   Wed Jan 10 22:23:09 2024 +0700

    en

commit e20e403d0db5034fc6115a744321e9874af9301e
Author: Thuan T. Nguyen <nguyenthaithuanalg@gmail.com>
Date:   Wed Jan 10 22:22:08 2024 +0700

    en

commit 0d7c90459d330c7658a554d80bafe914d8351bfd
Author: Thuan T. Nguyen <nguyenthaithuanalg@gmail.com>
Date:   Mon Jan 8 21:19:29 2024 +0700

    en

commit 47bf0a36677b860e784fd7ede25ab1f083732b62
Author: Thuan T. Nguyen <nguyenthaithuanalg@gmail.com>
Date:   Sun Jan 7 23:30:07 2024 +0700

    en

commit 58a429e183a5b5f19b65e4b7b5c5567933b32d0d
Author: Thuan T. Nguyen <nguyenthaithuanalg@gmail.com>
Date:   Sun Jan 7 11:53:18 2024 +0700

    en

commit 26749e41f9541e364bb7f8ab438571f2d97fb62f
Author: Thuan T. Nguyen <nguyenthaithuanalg@gmail.com>
Date:   Sun Jan 7 11:46:51 2024 +0700

    en

commit 12a715a28e5fa37bd9447bcf9bc805980bce1cd1
Author: Thuan T. Nguyen <nguyenthaithuanalg@gmail.com>
Date:   Sun Jan 7 11:03:53 2024 +0700

    en

commit 7ad3c6f2643b5dabd031881aac27f0a33b179861
Author: Thuan T. Nguyen <nguyenthaithuanalg@gmail.com>
Date:   Sun Jan 7 10:42:20 2024 +0700

    en

commit 41be92d6f63b37eaede33755b42fd10deb93528c
Author: Thuan T. Nguyen <nguyenthaithuanalg@gmail.com>
Date:   Sat Jan 6 16:19:17 2024 +0700

    en

commit 83ada11f2e862e7d692d4ae99f52c36eee1e763c
Author: Thuan T. Nguyen <nguyenthaithuanalg@gmail.com>
Date:   Sat Jan 6 15:36:48 2024 +0700

    en

commit 2f8a27ff0504d8f4ca17aa17c89fbfa0477ce04d
Author: Thuan T. Nguyen <nguyenthaithuanalg@gmail.com>
Date:   Sat Jan 6 15:18:40 2024 +0700

    en

commit c2c4b0697e62f1f7991934859e72b8f1955ddad3
Author: Thuan T. Nguyen <nguyenthaithuanalg@gmail.com>
Date:   Sat Jan 6 15:06:06 2024 +0700

    en

commit 7706657c5669a9ecf1d905ab9393fdc6ecb47962
Author: Thuan T. Nguyen <nguyenthaithuanalg@gmail.com>
Date:   Sat Jan 6 14:42:04 2024 +0700

    en

commit 557733bf596c024c5e7d253d53633f9ded7bc63b
Author: Thuan T. Nguyen <nguyenthaithuanalg@gmail.com>
Date:   Thu Jan 4 22:04:54 2024 +0700

    en

commit dd41cd0955c5f1fe6d4d66c09b4f1bfc31fec382
Author: Thuan T. Nguyen <nguyenthaithuanalg@gmail.com>
Date:   Sat Dec 30 11:04:54 2023 +0700

    en

commit d3287b1851c77a85ffcf972946efe9130218b765
Author: Thuan T. Nguyen <nguyenthaithuanalg@gmail.com>
Date:   Sat Dec 30 10:26:11 2023 +0700

    en

commit c2ba530f3d9f054a99536de7bbb4e69394ee5304
Author: Thuan T. Nguyen <nguyenthaithuanalg@gmail.com>
Date:   Sun Dec 24 11:29:49 2023 +0700

    en

commit 7949eb3bd38a1abc32c0bce641c0fae4851ca51f
Author: Thuan T. Nguyen <nguyenthaithuanalg@gmail.com>
Date:   Sat Dec 23 13:39:29 2023 +0700

    en

commit 09ef13fdc39b33cb52792e793a493c09e3cbfa2d
Author: Thuan T. Nguyen <nguyenthaithuanalg@gmail.com>
Date:   Mon Dec 18 20:55:13 2023 +0700

    en

commit 0111518eef18a7285194b5c2cbf8449f95385c77
Author: Thuan T. Nguyen <nguyenthaithuanalg@gmail.com>
Date:   Mon Dec 18 20:45:25 2023 +0700

    en

commit 7bfd685e4231e90d4b42d44c559f20804dec2285
Author: Thuan T. Nguyen <nguyenthaithuanalg@gmail.com>
Date:   Sun Dec 17 22:21:35 2023 +0700

    en

commit 53e90a7c4fc92e295dc6113cbfdb064680e42454
Author: Thuan T. Nguyen <nguyenthaithuanalg@gmail.com>
Date:   Sun Dec 17 10:23:22 2023 +0700

    en

commit 7cd0394cf63a310db1a830115740d61cffa09eef
Author: Thuan T. Nguyen <nguyenthaithuanalg@gmail.com>
Date:   Sun Dec 17 10:16:37 2023 +0700

    en

commit 16e4306c9c6792a02f26457146a43bffe2c9afea
Author: Thuan T. Nguyen <nguyenthaithuanalg@gmail.com>
Date:   Sun Dec 17 09:33:11 2023 +0700

    en

commit 8d947ffc490165ddfb98703b34ef77957c8e6b36
Author: Thuan T. Nguyen <nguyenthaithuanalg@gmail.com>
Date:   Sat Dec 16 23:09:38 2023 +0700

    en

commit 53e5b243f020e9a856220545f36bb0f6dcdf47f1
Author: Thuan T. Nguyen <nguyenthaithuanalg@gmail.com>
Date:   Mon Dec 11 22:41:54 2023 +0700

    en

commit 238faf6f936edf1fa3e98ac692abcea51c506d07
Author: Thuan T. Nguyen <nguyenthaithuanalg@gmail.com>
Date:   Mon Dec 11 00:15:30 2023 +0700

    en

commit 6f07d9b50dc211a24e500f6a2480542e0f55f1eb
Author: Thuan T. Nguyen <nguyenthaithuanalg@gmail.com>
Date:   Sun Dec 10 11:47:36 2023 +0700

    en

commit 732a36d2da7fe9134ab541b83eebc670e3f91b82
Author: Thuan T. Nguyen <nguyenthaithuanalg@gmail.com>
Date:   Sun Dec 10 11:30:33 2023 +0700

    en

commit 8568b2dc16b88cbaed12d2504052ee14aac60681
Author: Thuan T. Nguyen <nguyenthaithuanalg@gmail.com>
Date:   Sat Dec 9 22:27:06 2023 +0700

    en

commit e19d5875ac4257014ae0f69fef1d307c0d5c5a6b
Author: Thuan T. Nguyen <nguyenthaithuanalg@gmail.com>
Date:   Sat Dec 9 13:26:46 2023 +0700

    en

commit 9f9c279ca059f862bf2f398d77bc8a1cc82c3e13
Author: Thuan T. Nguyen <nguyenthaithuanalg@gmail.com>
Date:   Sat Dec 9 13:09:05 2023 +0700

    en

commit 1437ea6cd8bdcb44527c695f212003e967909014
Author: Thuan T. Nguyen <nguyenthaithuanalg@gmail.com>
Date:   Sat Dec 9 08:29:49 2023 +0700

    en

commit 1744475f32e3522884f819ef757416496931f640
Author: Thuan T. Nguyen <nguyenthaithuanalg@gmail.com>
Date:   Sat Dec 9 08:25:35 2023 +0700

    en

commit a9cc030d972e290920fa9792aeeac5fd3bd3b243
Author: Thuan T. Nguyen <nguyenthaithuanalg@gmail.com>
Date:   Mon Dec 4 06:34:26 2023 +0700

    en

commit d91873bd32c50ef643bd786bfc03a9052de8d388
Author: Thuan T. Nguyen <nguyenthaithuanalg@gmail.com>
Date:   Sun Dec 3 17:17:32 2023 +0700

    en

commit fa7d8b2e168aa24243d5442dfc0b0d2d11d98539
Author: Thuan T. Nguyen <nguyenthaithuanalg@gmail.com>
Date:   Sun Dec 3 13:27:10 2023 +0700

    en

commit 6e9a53de720008fb7bf2b725c24f1f32c8f75244
Author: Thuan T. Nguyen <nguyenthaithuanalg@gmail.com>
Date:   Sun Dec 3 13:22:26 2023 +0700

    en

commit 9f3ca1900fcb79115b501b495d45f3d4c9e7c3ac
Author: Thuan T. Nguyen <nguyenthaithuanalg@gmail.com>
Date:   Sun Dec 3 13:05:30 2023 +0700

    en

commit 14dcd9a2f3055ce5e5514e4595528f60bcf9b571
Author: Thuan T. Nguyen <nguyenthaithuanalg@gmail.com>
Date:   Sat Dec 2 09:01:18 2023 +0700

    en

commit e8e98d8a7e355c644a2c5a800b71307ceaa53979
Author: Thuan T. Nguyen <nguyenthaithuanalg@gmail.com>
Date:   Wed Nov 29 22:24:25 2023 +0700

    en

commit 3903318f29d5188aa489fe203ef6fab1f27b99a8
Author: Thuan T. Nguyen <nguyenthaithuanalg@gmail.com>
Date:   Wed Nov 29 22:18:25 2023 +0700

    en

commit 3c2aede2242e57c878f619603ac9f8a99e8a7dd8
Author: Thuan T. Nguyen <nguyenthaithuanalg@gmail.com>
Date:   Sun Nov 26 21:33:25 2023 +0700

    en

commit 36c16530ffc7f164491843948c95e4a0f48c6131
Author: Thuan T. Nguyen <nguyenthaithuanalg@gmail.com>
Date:   Sun Nov 26 21:27:15 2023 +0700

    en

commit a3830890ccf5d496f9a2bb8037535173027090d4
Author: Thuan T. Nguyen <nguyenthaithuanalg@gmail.com>
Date:   Sun Nov 26 21:25:08 2023 +0700

    en

commit 46c591255187d62140b0382b689e6baadd125bff
Author: Thuan T. Nguyen <nguyenthaithuanalg@gmail.com>
Date:   Sun Nov 26 21:22:38 2023 +0700

    en

commit f7d7f055286d56f978ca5ae2c534c5ee91c1e1c0
Author: Thuan T. Nguyen <nguyenthaithuanalg@gmail.com>
Date:   Sun Nov 26 21:20:29 2023 +0700

    en

commit 5569b8e3bcce074a39c7711ba58939f4af1bd15b
Author: Thuan T. Nguyen <nguyenthaithuanalg@gmail.com>
Date:   Sun Nov 26 21:17:52 2023 +0700

    en

commit db9eb5baaff373394ebf7b0f8fa7d3b9af16b2e5
Author: Thuan T. Nguyen <nguyenthaithuanalg@gmail.com>
Date:   Sun Nov 26 21:16:36 2023 +0700

    en

commit 8e788659a43937f9581f088289a5902032f04251
Author: Thuan T. Nguyen <nguyenthaithuanalg@gmail.com>
Date:   Sun Nov 26 19:19:35 2023 +0700

    en

commit 5660afd0a4eb651130284d34da973dcbebbd7092
Author: Thuan T. Nguyen <nguyenthaithuanalg@gmail.com>
Date:   Sun Nov 26 14:40:34 2023 +0700

    en

commit 0c5587b4f38c43380c9c7554df73919700e6c6a2
Author: Thuan T. Nguyen <nguyenthaithuanalg@gmail.com>
Date:   Fri Nov 24 20:08:59 2023 +0700

    en

commit d774c3b4ec5147fb0c2d7cddec943fc012cf41a3
Author: Thuan T. Nguyen <nguyenthaithuanalg@gmail.com>
Date:   Thu Nov 23 19:59:00 2023 +0700

    en

commit bfcfb63ba2af9504cb449a3935d4c196e7f20fdd
Author: Thuan T. Nguyen <nguyenthaithuanalg@gmail.com>
Date:   Wed Nov 22 22:55:12 2023 +0700

    en

commit 0b5ce502b716f58fe7c185f2b94345b9a3a6de7d
Author: Thuan T. Nguyen <nguyenthaithuanalg@gmail.com>
Date:   Wed Nov 22 22:44:20 2023 +0700

    en

commit 562c95be9476dbf93fef02138faf2f12857be5c4
Author: Thuan T. Nguyen <nguyenthaithuanalg@gmail.com>
Date:   Wed Nov 22 22:41:14 2023 +0700

    en

commit e58f0947cb1abfe47b500f44429d67aba7e34f58
Author: Thuan T. Nguyen <nguyenthaithuanalg@gmail.com>
Date:   Tue Nov 21 21:32:53 2023 +0700

    en

commit 29dc9a44c37c519f5db021e706fed4ec1eca1a8d
Author: Thuan T. Nguyen <nguyenthaithuanalg@gmail.com>
Date:   Mon Nov 20 00:32:04 2023 +0700

    en

commit 521ca720c20d23cdfcc3c13f88c5c71091091c63
Author: Thuan T. Nguyen <nguyenthaithuanalg@gmail.com>
Date:   Sun Nov 19 20:12:30 2023 +0700

    en

commit 0a1d7b882fa21edc6011776861ccb07ed8c2a184
Author: Thuan T. Nguyen <nguyenthaithuanalg@gmail.com>
Date:   Sun Nov 19 19:37:22 2023 +0700

    en

commit f959665bc3d5b5b942e4b0415b102638551fe2cc
Author: Thuan T. Nguyen <nguyenthaithuanalg@gmail.com>
Date:   Sun Nov 19 19:32:58 2023 +0700

    en

commit 3b2a69e4314dd78ef92d6e0d0143d49a2331ac07
Author: Thuan T. Nguyen <nguyenthaithuanalg@gmail.com>
Date:   Sun Nov 19 19:06:46 2023 +0700

    en

commit 7cfd9c384505ef74d7ebd9975795690a4548b27b
Author: Thuan T. Nguyen <nguyenthaithuanalg@gmail.com>
Date:   Sun Nov 19 13:25:15 2023 +0700

    en

commit 05b2f6ed61664d36671aa7116b86aea65df535fc
Author: Thuan T. Nguyen <nguyenthaithuanalg@gmail.com>
Date:   Sun Nov 19 13:17:22 2023 +0700

    en

commit 0ffaa29ee677813cb0a95a745145f71c7ec0f7c8
Author: Thuan T. Nguyen <nguyenthaithuanalg@gmail.com>
Date:   Sun Nov 19 13:07:34 2023 +0700

    en

commit 8fba19396018ddb3017e7e4c8046d2db341b2c5c
Author: Thuan T. Nguyen <nguyenthaithuanalg@gmail.com>
Date:   Sun Nov 19 13:00:34 2023 +0700

    en

commit a186c10a3216cac7d700312996c37b7dd83e0336
Author: Thuan T. Nguyen <nguyenthaithuanalg@gmail.com>
Date:   Sun Nov 19 12:50:04 2023 +0700

    en

commit ef8be90f4c4cb80b2ce01190536a3f66697a12f8
Author: Thuan T. Nguyen <nguyenthaithuanalg@gmail.com>
Date:   Sun Nov 19 12:49:16 2023 +0700

    en

commit dd292339c35ba91478509ddacada9a1c225377c9
Author: Thuan T. Nguyen <nguyenthaithuanalg@gmail.com>
Date:   Sun Nov 19 12:33:09 2023 +0700

    en

commit 777bd47d4c636ad5f7c22d3d9f274df426fcfd62
Author: Thuan T. Nguyen <nguyenthaithuanalg@gmail.com>
Date:   Sun Nov 19 12:26:08 2023 +0700

    en

commit 5b51545789e377eea1ea658813f172b4eddca5a3
Author: Thuan T. Nguyen <nguyenthaithuanalg@gmail.com>
Date:   Sat Nov 18 23:08:20 2023 +0700

    en

commit a2f290f1ae5f27fd3f4afe4d10383e70d32f11e7
Author: Thuan T. Nguyen <nguyenthaithuanalg@gmail.com>
Date:   Sat Nov 18 21:43:29 2023 +0700

    en

commit ff979af348c63475e915500d273f7423cbfe5cd0
Author: Thuan T. Nguyen <nguyenthaithuanalg@gmail.com>
Date:   Sat Nov 18 12:42:16 2023 +0700

    en

commit a214f43beafb2abc242a6f1ed59a68dc4b9b401f
Author: Thuan T. Nguyen <nguyenthaithuanalg@gmail.com>
Date:   Sat Nov 18 12:35:41 2023 +0700

    en

commit fc349f61033cbd9468be6a1495d97ea07c2959da
Author: Thuan T. Nguyen <nguyenthaithuanalg@gmail.com>
Date:   Sat Nov 18 12:30:47 2023 +0700

    en

commit cc43c50c9d046ee55e9d380d3e4e37b3405d6b23
Author: Thuan T. Nguyen <nguyenthaithuanalg@gmail.com>
Date:   Sat Nov 18 12:26:56 2023 +0700

    en

commit 5eb446b1c2bde332549a96567f46a91663f1313e
Author: Thuan T. Nguyen <nguyenthaithuanalg@gmail.com>
Date:   Sat Nov 18 12:09:32 2023 +0700

    en

commit e5383c8ea99dc07b8e6c10313309ec101b7e1274
Author: Thuan T. Nguyen <nguyenthaithuanalg@gmail.com>
Date:   Sat Nov 18 11:41:03 2023 +0700

    en

commit 9f8e641ccec7422c18d579f38770a02b78850213
Author: Thuan T. Nguyen <nguyenthaithuanalg@gmail.com>
Date:   Sat Nov 18 09:39:03 2023 +0700

    en

commit d55e7911aae56b5e323a6ea39907c235b9c5675b
Author: Thuan T. Nguyen <nguyenthaithuanalg@gmail.com>
Date:   Fri Nov 17 23:31:02 2023 +0700

    en

commit a5090a3340ab0865d083fa899f7b2a2d8f01bfba
Author: Thuan T. Nguyen <nguyenthaithuanalg@gmail.com>
Date:   Fri Nov 17 23:26:50 2023 +0700

    en

commit 08d09aca6046d2fca5531dd2c7230de0e04edfed
Author: Thuan T. Nguyen <nguyenthaithuanalg@gmail.com>
Date:   Fri Nov 17 23:21:57 2023 +0700

    en

commit 239a51ac6eb87c0c9f393156545ce676982b732d
Author: Thuan T. Nguyen <nguyenthaithuanalg@gmail.com>
Date:   Fri Nov 17 22:48:47 2023 +0700

    en

commit 0169fcb8123f131f9053fcf7259591f07ce06a5e
Author: Thuan T. Nguyen <nguyenthaithuanalg@gmail.com>
Date:   Thu Nov 16 20:54:00 2023 +0700

    en

commit 6cce6ecebf2af305d405dbb3c8209e172e5e8164
Author: Thuan T. Nguyen <nguyenthaithuanalg@gmail.com>
Date:   Thu Nov 16 20:42:10 2023 +0700

    en

commit d5ff4927075574e34eac8bf6fdd1104ce0553e93
Author: Thuan T. Nguyen <nguyenthaithuanalg@gmail.com>
Date:   Thu Nov 16 20:09:47 2023 +0700

    en

commit d84b4ea305a6f416465ff09e98e19cb65fadadfb
Author: Thuan T. Nguyen <nguyenthaithuanalg@gmail.com>
Date:   Wed Nov 15 22:34:14 2023 +0700

    en

commit 15edb2a5713dfa2fb31cfe90292fb1e1c83b4d22
Author: Thuan T. Nguyen <nguyenthaithuanalg@gmail.com>
Date:   Wed Nov 15 18:21:12 2023 +0700

    en

commit d15073a522d3366e2561c3956982fc44314021de
Author: Thuan T. Nguyen <nguyenthaithuanalg@gmail.com>
Date:   Wed Nov 15 09:05:16 2023 +0700

    en

commit 3e95ac051ae0e3090d4984dfe3deb0aa115764f4
Author: Thuan T. Nguyen <nguyenthaithuanalg@gmail.com>
Date:   Wed Nov 15 08:41:41 2023 +0700

    en

commit b8be875903db12aec8b33fa7fb1809261da7bc8c
Author: Thuan T. Nguyen <nguyenthaithuanalg@gmail.com>
Date:   Wed Nov 15 08:28:26 2023 +0700

    en

commit 34a29c9160469c66c204a53c6b3a132c6fcf7d3b
Author: Thuan T. Nguyen <nguyenthaithuanalg@gmail.com>
Date:   Wed Nov 15 08:04:06 2023 +0700

    en

commit 3cc741611e3310aa31409579e4683e40d30e2295
Author: Thuan T. Nguyen <nguyenthaithuanalg@gmail.com>
Date:   Mon Nov 13 23:17:51 2023 +0700

    en

commit ab64fd28884f1b8462d21acdc2f8fa7dbda5df2f
Author: Thuan T. Nguyen <nguyenthaithuanalg@gmail.com>
Date:   Mon Nov 13 06:45:24 2023 +0700

    en

commit e32c5fb324d9037e015abe186823a977b75c0fe2
Author: Thuan T. Nguyen <nguyenthaithuanalg@gmail.com>
Date:   Sun Nov 12 19:58:39 2023 +0700

    en

commit e2b61f14257f7b51b75926c9cf71c860af6bb3cf
Author: Thuan T. Nguyen <nguyenthaithuanalg@gmail.com>
Date:   Sun Nov 12 18:22:49 2023 +0700

    en

commit 6479b2bb08d2dd8ce838d8df716d86d6813a6d89
Author: Thuan T. Nguyen <nguyenthaithuanalg@gmail.com>
Date:   Sun Nov 12 18:22:04 2023 +0700

    en

commit 79ea916d39e5ee52fd49d2f20cc0e290fa902df3
Author: Thuan T. Nguyen <nguyenthaithuanalg@gmail.com>
Date:   Sun Nov 12 18:20:53 2023 +0700

    en

commit cdca08506eb554bd612292f321e6cfc7c876a2ad
Author: Thuan T. Nguyen <nguyenthaithuanalg@gmail.com>
Date:   Sun Nov 12 18:19:44 2023 +0700

    en

commit a24881ed148cfd393239b8c87035ef00ca2845b1
Author: Thuan T. Nguyen <nguyenthaithuanalg@gmail.com>
Date:   Sun Nov 12 18:19:08 2023 +0700

    en

commit ede35ea23ecc758d3a9ab3e4bbfd0cb2199edf56
Author: Thuan T. Nguyen <nguyenthaithuanalg@gmail.com>
Date:   Sun Nov 12 18:08:52 2023 +0700

    en

commit 56adc6553c82e73a23d477ec7a65290805a06ca5
Author: Thuan T. Nguyen <nguyenthaithuanalg@gmail.com>
Date:   Sun Nov 12 16:35:02 2023 +0700

    en

commit 51999b06c2734a5799599c95230ffb05c223c14b
Author: Thuan T. Nguyen <nguyenthaithuanalg@gmail.com>
Date:   Sat Nov 11 22:18:46 2023 +0700

    en

commit 38c8e7f19c590b05ad54a8176004f76cadbf176f
Author: Thuan T. Nguyen <nguyenthaithuanalg@gmail.com>
Date:   Sat Nov 11 17:54:12 2023 +0700

    en

commit 59f86f5ea3138763bb34fd5e32a306d2f879c6b1
Author: Thuan T. Nguyen <nguyenthaithuanalg@gmail.com>
Date:   Sat Nov 11 12:29:54 2023 +0700

    en

commit 12082dff212c84a39b1d9878b1eaf90cf63bfbf7
Author: Thuan T. Nguyen <nguyenthaithuanalg@gmail.com>
Date:   Sat Nov 11 12:25:36 2023 +0700

    en

commit 631f3b7914adf3d914d760a765dad5fab800a584
Author: Thuan T. Nguyen <nguyenthaithuanalg@gmail.com>
Date:   Sat Nov 11 12:16:37 2023 +0700

    en

commit ac3b91f2100c37b333b87befd6336c3fa25d48e2
Author: Thuan T. Nguyen <nguyenthaithuanalg@gmail.com>
Date:   Thu Nov 9 23:06:58 2023 +0700

    en

commit 62bd9f2698d90df08aa139f062b62a2fba26161b
Author: Thuan T. Nguyen <nguyenthaithuanalg@gmail.com>
Date:   Thu Nov 9 22:41:20 2023 +0700

    en

commit 1651ba20ea3e82c462a076cbce166fca5031faa9
Author: Thuan T. Nguyen <nguyenthaithuanalg@gmail.com>
Date:   Thu Nov 9 22:16:16 2023 +0700

    en

commit 5fc7ffe3416abf14aadbe182f71f6ea4a3d36d53
Author: Thuan T. Nguyen <nguyenthaithuanalg@gmail.com>
Date:   Sun Nov 5 15:26:45 2023 +0700

    en

commit b0b3f8d8282cc237492c78553599e65c7660eed1
Author: Thuan T. Nguyen <nguyenthaithuanalg@gmail.com>
Date:   Sat Nov 4 23:09:18 2023 +0700

    en

commit 6239f99798f49a5c7587abd98d01780893daa064
Author: Thuan T. Nguyen <nguyenthaithuanalg@gmail.com>
Date:   Sat Nov 4 22:13:04 2023 +0700

    en

commit 4526b941374e28572410faa22de39a2285d3b956
Author: Thuan T. Nguyen <nguyenthaithuanalg@gmail.com>
Date:   Sat Nov 4 22:11:41 2023 +0700

    en

commit 23e14beae974171f8de72e269dde3afdefc525ee
Author: Thuan T. Nguyen <nguyenthaithuanalg@gmail.com>
Date:   Sat Nov 4 22:01:11 2023 +0700

    en

commit ba6bca2a7c7069ebb2f353b82e2c5c350389ebbe
Author: Thuan T. Nguyen <nguyenthaithuanalg@gmail.com>
Date:   Sat Nov 4 17:46:22 2023 +0700

    en

commit b5278784e235a24c6800646ebb0f4671ed91c543
Author: Thuan T. Nguyen <nguyenthaithuanalg@gmail.com>
Date:   Sun Oct 29 16:42:23 2023 +0700

    en

commit 2429086bdd1934a607b2077513dfc6b9be5d1a84
Author: Thuan T. Nguyen <nguyenthaithuanalg@gmail.com>
Date:   Sun Oct 29 11:31:19 2023 +0700

    en

commit 0855c9ea90084994c83b1375bd9cc10277bc3942
Author: Thuan T. Nguyen <nguyenthaithuanalg@gmail.com>
Date:   Sun Oct 29 11:28:57 2023 +0700

    en

commit 70276ca50f78abc76a3a048b719b50946cce33b6
Author: Thuan T. Nguyen <nguyenthaithuanalg@gmail.com>
Date:   Sun Oct 29 10:46:11 2023 +0700

    en

commit 730d9fcb9dfa41fad6c011e0fc9dbce12d50421a
Author: Thuan T. Nguyen <nguyenthaithuanalg@gmail.com>
Date:   Sun Oct 29 10:30:03 2023 +0700

    en

commit 6a953f34e336847184a8e9f4fcbe7e63c065f997
Author: Thuan T. Nguyen <nguyenthaithuanalg@gmail.com>
Date:   Sun Oct 29 00:31:02 2023 +0700

    en

commit f75fda6cc9fda28c3137ef2348f25db0a4286265
Author: Thuan T. Nguyen <nguyenthaithuanalg@gmail.com>
Date:   Sat Oct 28 22:42:10 2023 +0700

    en

commit 1da94c774454baecdc322f7d1d111c1672be7d71
Author: Thuan T. Nguyen <nguyenthaithuanalg@gmail.com>
Date:   Sat Oct 28 20:00:54 2023 +0700

    en

commit 07a327becdaeac6b42bfbbf56d2a81fc235136be
Author: Thuan T. Nguyen <nguyenthaithuanalg@gmail.com>
Date:   Sat Oct 28 14:29:39 2023 +0700

    en

commit 5ecc46c64ed6020620faae471f16850f5dedea14
Author: Thuan T. Nguyen <nguyenthaithuanalg@gmail.com>
Date:   Sat Oct 28 14:16:15 2023 +0700

    en

commit dd6f6b5d9056d0c158e2b1a5f0aef676d40f6ae7
Author: Thuan T. Nguyen <nguyenthaithuanalg@gmail.com>
Date:   Sat Oct 28 14:12:53 2023 +0700

    en

commit 2ce9c1afcf0bfedbcf773f1a4fa78b533ae40c88
Author: Thuan T. Nguyen <nguyenthaithuanalg@gmail.com>
Date:   Sat Oct 28 14:12:09 2023 +0700

    en

commit 92068d80962e77b91e9be24ea446defedf831913
Author: Thuan T. Nguyen <nguyenthaithuanalg@gmail.com>
Date:   Sat Oct 28 14:11:48 2023 +0700

    en

commit 3ac1e1662d030ab6ec69c6edd1db4a9556c513db
Author: Thuan T. Nguyen <nguyenthaithuanalg@gmail.com>
Date:   Sat Oct 28 08:19:11 2023 +0700

    en

commit 0ddd8cb5dc7ed8906cdb04f4dc2949617a6b5aca
Author: Thuan T. Nguyen <nguyenthaithuanalg@gmail.com>
Date:   Fri Oct 27 20:05:24 2023 +0700

    en

commit bff8102f52c2f580a4ab50131834be0a420adca3
Author: Thuan T. Nguyen <nguyenthaithuanalg@gmail.com>
Date:   Thu Oct 26 22:17:51 2023 +0700

    en

commit ffacc773418af9aebfd1db18b86992bf825cd171
Author: Thuan T. Nguyen <nguyenthaithuanalg@gmail.com>
Date:   Sun Oct 22 18:18:58 2023 +0700

    en

commit 7f353995c32564d57b21e9d51a6bf523806f8727
Author: Thuan T. Nguyen <nguyenthaithuanalg@gmail.com>
Date:   Sun Oct 22 17:42:12 2023 +0700

    en

commit 5a6f597135076455889a6193b5633685203695ef
Author: Thuan T. Nguyen <nguyenthaithuanalg@gmail.com>
Date:   Sun Oct 22 16:34:38 2023 +0700

    en

commit 456923f178909b5fcb931976d03b7dfe6ffd498f
Author: Thuan T. Nguyen <nguyenthaithuanalg@gmail.com>
Date:   Sun Oct 22 15:22:14 2023 +0700

    en

commit e6ef158d9b7582b2c93a560bb2b38138186fe9de
Author: Thuan T. Nguyen <nguyenthaithuanalg@gmail.com>
Date:   Sun Oct 22 09:37:02 2023 +0700

    en

commit b1d7cbe845a3c1276142399111dbbb8775449dd1
Author: Thuan T. Nguyen <nguyenthaithuanalg@gmail.com>
Date:   Sat Oct 21 17:16:59 2023 +0700

    en

commit 6e4158aefd80073ee8d67a7e8038486036540495
Author: Thuan T. Nguyen <nguyenthaithuanalg@gmail.com>
Date:   Sat Oct 21 17:13:54 2023 +0700

    en

commit 19d1af64c9668d283d54239e3121bbe55aefde19
Author: Thuan T. Nguyen <nguyenthaithuanalg@gmail.com>
Date:   Sat Oct 21 17:11:42 2023 +0700

    en

commit 576873b80dfaf10cb7f645743b38874eeb709f83
Author: Thuan T. Nguyen <nguyenthaithuanalg@gmail.com>
Date:   Sat Oct 21 16:54:02 2023 +0700

    en

commit 57fd873b7dc8b3ec3f3cdce149e991fe4b49c5aa
Author: Thuan T. Nguyen <nguyenthaithuanalg@gmail.com>
Date:   Sat Oct 21 16:48:11 2023 +0700

    en

commit 9b8fd12c892039e0792e752a8cef76966d7e8a04
Author: Thuan T. Nguyen <nguyenthaithuanalg@gmail.com>
Date:   Sat Oct 21 13:05:18 2023 +0700

    en

commit 0bfafd0c7bd2e17511599cd031e403cd3a025941
Author: Thuan T. Nguyen <nguyenthaithuanalg@gmail.com>
Date:   Sat Oct 21 13:03:06 2023 +0700

    en

commit e634afa4afe1eb9b0232fc657159a1c83ac57ec1
Author: Thuan T. Nguyen <nguyenthaithuanalg@gmail.com>
Date:   Thu Oct 19 19:48:59 2023 +0700

    en

commit 5813c89d78ec6f93a1d363427401c48318a9a40c
Author: Thuan T. Nguyen <nguyenthaithuanalg@gmail.com>
Date:   Thu Oct 19 19:41:46 2023 +0700

    en

commit 0a929b77029b55538a478104b79f1b043738af2c
Author: Thuan T. Nguyen <nguyenthaithuanalg@gmail.com>
Date:   Wed Oct 18 22:00:30 2023 +0700

    en

commit 484198bf36130a816bc3bfb997c18b0d83cbbba4
Author: Thuan T. Nguyen <nguyenthaithuanalg@gmail.com>
Date:   Wed Oct 18 20:24:04 2023 +0700

    en

commit 5469b1684e60f16fb9f2acfdf22d75c70d7f7087
Author: Thuan T. Nguyen <nguyenthaithuanalg@gmail.com>
Date:   Mon Oct 16 23:07:55 2023 +0700

    en

commit 72a6b5c24d02c85aa92a101a990f65840c83feca
Author: Thuan T. Nguyen <nguyenthaithuanalg@gmail.com>
Date:   Mon Oct 16 22:43:57 2023 +0700

    en

commit 5829a5d548c4a5bb9d4b5b07df6b7dca21d3d543
Author: Thuan T. Nguyen <nguyenthaithuanalg@gmail.com>
Date:   Sun Oct 15 19:58:26 2023 +0700

    en

commit 02d508fbff7b02eb8034b1ac30100b9c1bb5ef99
Author: Thuan T. Nguyen <nguyenthaithuanalg@gmail.com>
Date:   Sun Oct 15 14:45:07 2023 +0700

    en

commit 9aad1afcd50a9b0adea544e7f7250a0f79e851b8
Author: Thuan T. Nguyen <nguyenthaithuanalg@gmail.com>
Date:   Sun Oct 15 14:28:00 2023 +0700

    en

commit 693256228f7bdb2a776a0b1113da17e826ea2843
Author: Thuan T. Nguyen <nguyenthaithuanalg@gmail.com>
Date:   Sat Oct 14 11:52:43 2023 +0700

    en

commit 56601b8ee8c8193e4c050f3b8b90889d99e59da4
Author: Thuan T. Nguyen <nguyenthaithuanalg@gmail.com>
Date:   Sat Oct 14 11:37:10 2023 +0700

    en

commit 199cccbca5a478c194c571a2d00739548a139547
Author: Thuan T. Nguyen <nguyenthaithuanalg@gmail.com>
Date:   Sat Oct 14 11:28:29 2023 +0700

    en

commit 50ade8f46c7dc7617ef6bf10d94a1a142734757a
Author: Thuan T. Nguyen <nguyenthaithuanalg@gmail.com>
Date:   Fri Oct 13 23:05:42 2023 +0700

    en

commit 07fb40c73b1ee2cc6ad2069e2ebe6b9ff4df9b28
Author: Thuan T. Nguyen <nguyenthaithuanalg@gmail.com>
Date:   Fri Oct 13 22:43:05 2023 +0700

    en

commit 596a5ae3e10df59d3f5556faee0ce8b940e71f6e
Author: Thuan T. Nguyen <nguyenthaithuanalg@gmail.com>
Date:   Thu Oct 12 21:44:07 2023 +0700

    en

commit a10cb33f3fd7524cf6ab85cafb0a37009ee15fd8
Author: Thuan T. Nguyen <nguyenthaithuanalg@gmail.com>
Date:   Thu Oct 12 19:39:59 2023 +0700

    en

commit 61dc5c471d46bf7798a2d3cfff1315422822b8ac
Author: Thuan T. Nguyen <nguyenthaithuanalg@gmail.com>
Date:   Thu Oct 12 19:33:06 2023 +0700

    en

commit 015a529dad8bc1ecb16da6099b495705b6a1e9e9
Author: Thuan T. Nguyen <nguyenthaithuanalg@gmail.com>
Date:   Wed Oct 11 22:11:50 2023 +0700

    en

commit 49614cb965d581d1fb19583080765055e29edb36
Author: Thuan T. Nguyen <nguyenthaithuanalg@gmail.com>
Date:   Wed Oct 11 21:43:24 2023 +0700

    en

commit 57e00078dfd20733d69a486644a5682bf0e2a8e2
Author: Thuan T. Nguyen <nguyenthaithuanalg@gmail.com>
Date:   Wed Oct 11 20:54:06 2023 +0700

    en

commit 494c7119900a44086db0ce6d1aadfea73bf4c244
Author: Thuan T. Nguyen <nguyenthaithuanalg@gmail.com>
Date:   Wed Oct 11 20:49:42 2023 +0700

    en

commit b3f24307d94ee64a19c63890f5b8221dbdb28143
Author: Thuan T. Nguyen <nguyenthaithuanalg@gmail.com>
Date:   Wed Oct 11 20:19:36 2023 +0700

    en

commit c99ced2d00435a471c8911bf2322a5b3384db6c9
Author: Thuan T. Nguyen <nguyenthaithuanalg@gmail.com>
Date:   Tue Oct 10 05:45:54 2023 +0700

    en

commit fd9794d455f9402eaaa482037c82c85a60306387
Author: Thuan T. Nguyen <nguyenthaithuanalg@gmail.com>
Date:   Mon Oct 9 23:35:05 2023 +0700

    en

commit f9f9bf895e931c02fe8bbed41eb2503f527bc32c
Author: Thuan T. Nguyen <nguyenthaithuanalg@gmail.com>
Date:   Mon Oct 9 23:12:39 2023 +0700

    en

commit 7106e882dd156ce280e112bf3c7d6b35d9fb0f1b
Author: Thuan T. Nguyen <nguyenthaithuanalg@gmail.com>
Date:   Sun Oct 8 21:36:13 2023 +0700

    en

commit 850aee0a5f962aca9fcb598083deea03db4e7b4b
Author: Thuan T. Nguyen <nguyenthaithuanalg@gmail.com>
Date:   Sun Oct 8 19:16:19 2023 +0700

    en

commit 7c5e05dcc2a43252ecc3b1667baf333644efa85f
Author: Thuan T. Nguyen <nguyenthaithuanalg@gmail.com>
Date:   Sun Oct 8 18:57:24 2023 +0700

    en

commit 944fb9bc6eb4c0a2ab6f8f47dfbc57deff35d6c1
Author: Thuan T. Nguyen <nguyenthaithuanalg@gmail.com>
Date:   Sun Oct 8 17:22:33 2023 +0700

    en

commit 6aae1cdee90f04ad70ba25d4452a43f40b42797a
Author: Thuan T. Nguyen <nguyenthaithuanalg@gmail.com>
Date:   Sat Oct 7 22:01:06 2023 +0700

    en

commit fe4b5aba62fc0da3f0b94bb879d1e79cd07cfd79
Author: Thuan T. Nguyen <nguyenthaithuanalg@gmail.com>
Date:   Sat Oct 7 19:47:29 2023 +0700

    en

commit 54fdb32697d214b8c3eac9ec470448d78d436074
Author: Thuan T. Nguyen <nguyenthaithuanalg@gmail.com>
Date:   Sat Oct 7 19:43:02 2023 +0700

    en

commit 8a2d735e8069aed0bdc543a07c3ad3a2586093d9
Author: Thuan T. Nguyen <nguyenthaithuanalg@gmail.com>
Date:   Sat Oct 7 19:27:00 2023 +0700

    en

commit 2d7d7c150546c7ba71fa71fca8c93ebd6247e5c8
Author: Thuan T. Nguyen <nguyenthaithuanalg@gmail.com>
Date:   Sat Oct 7 19:16:06 2023 +0700

    en

commit b2a2bcd218acbf2dc97e1ce897687b8615ab434b
Author: Thuan T. Nguyen <nguyenthaithuanalg@gmail.com>
Date:   Sat Oct 7 19:01:24 2023 +0700

    en

commit ee1dd67bd9c650d8685e5c4af1e9e25a8b3c7c73
Author: Thuan T. Nguyen <nguyenthaithuanalg@gmail.com>
Date:   Sat Oct 7 18:55:55 2023 +0700

    en

commit 58c0f8ada82af8258a9ccc20cf24c49ff015e30f
Author: Thuan T. Nguyen <nguyenthaithuanalg@gmail.com>
Date:   Sat Oct 7 18:47:16 2023 +0700

    en

commit b9a57e64e954226c715d935b6bacec4303103ab8
Author: Thuan T. Nguyen <nguyenthaithuanalg@gmail.com>
Date:   Sat Oct 7 18:46:51 2023 +0700

    en

commit 4cb95cd5eabb806d39fc7dbbeb05f1520fd268f4
Author: Thuan T. Nguyen <nguyenthaithuanalg@gmail.com>
Date:   Sat Oct 7 18:15:22 2023 +0700

    en

commit 6641b3e08d70745d4977b1fd01a83ab3d526aedb
Merge: 9c53696 6dcb4f1
Author: Thuan T. Nguyen <nguyenthaithuanalg@gmail.com>
Date:   Sat Oct 7 18:05:20 2023 +0700

    Merge branch 'f2' of github.com:thuanalg/memory_leak into f2

commit 9c53696f17f0c586e47f26e78e84211a7fec81fa
Author: Thuan T. Nguyen <nguyenthaithuanalg@gmail.com>
Date:   Sat Oct 7 18:03:25 2023 +0700

    en

commit 6dcb4f1e0514155520d7b92c667789d575283061
Author: Thuan T. Nguyen <nguyenthaithuanalg@gmail.com>
Date:   Sat Oct 7 12:49:26 2023 +0700

    en

commit c5ad2632015917312dee70d50d42d7f94a7c8456
Author: Thuan T. Nguyen <nguyenthaithuanalg@gmail.com>
Date:   Sat Oct 7 12:39:18 2023 +0700

    en

commit fc69fed685735e1af71720064930110ca615a59c
Author: Thuan T. Nguyen <nguyenthaithuanalg@gmail.com>
Date:   Sat Oct 7 12:27:00 2023 +0700

    en

commit ab9aea4e7d1dfef62bc2dfd71cf1fa3fa269511b
Author: Thuan T. Nguyen <nguyenthaithuanalg@gmail.com>
Date:   Sat Oct 7 11:14:15 2023 +0700

    en

commit aa1f56fcf7847d34135cee2b54bf1489ff392ed7
Author: Thuan T. Nguyen <nguyenthaithuanalg@gmail.com>
Date:   Fri Oct 6 06:05:09 2023 +0700

    en

commit 503484b39671aa9d1a3e86cd4f0b36811810a12f
Author: Thuan T. Nguyen <nguyenthaithuanalg@gmail.com>
Date:   Fri Oct 6 05:48:53 2023 +0700

    en

commit 1a326ec0bdbac32769018170f088058ab55b8d84
Author: Thuan T. Nguyen <nguyenthaithuanalg@gmail.com>
Date:   Thu Oct 5 21:19:28 2023 +0700

    en

commit 3b5e596a13a8ec1dff33fb30ee56bae759785e97
Author: Thuan T. Nguyen <nguyenthaithuanalg@gmail.com>
Date:   Thu Oct 5 21:02:28 2023 +0700

    en

commit 87c61c1c5c308325468d757d762f51bc7fb28647
Author: Thuan T. Nguyen <nguyenthaithuanalg@gmail.com>
Date:   Thu Oct 5 20:06:30 2023 +0700

    en

commit 4f8823d455f00baa8071a6229e0abc60eeb65e0c
Author: Thuan T. Nguyen <nguyenthaithuanalg@gmail.com>
Date:   Mon Oct 2 19:21:14 2023 +0700

    en

commit 46c04578108f6b40a49bca5d099ab4725992dbb0
Author: Thuan T. Nguyen <nguyenthaithuanalg@gmail.com>
Date:   Sun Oct 1 12:36:30 2023 +0700

    en

commit 8f910e02fe3a6f2da100fd6fa371b842c6e0dc4d
Author: Thuan T. Nguyen <nguyenthaithuanalg@gmail.com>
Date:   Sun Oct 1 10:22:10 2023 +0700

    en

commit 335dfe9a8768e1a8eb23ed6ea70294a30309e52d
Author: Thuan T. Nguyen <nguyenthaithuanalg@gmail.com>
Date:   Sun Oct 1 10:21:40 2023 +0700

    en

commit e86e92f4d6ec023ddb05809deea823be9260bc34
Author: Thuan T. Nguyen <nguyenthaithuanalg@gmail.com>
Date:   Sat Sep 30 10:21:08 2023 +0700

    en

commit 584ecec2c52c41336a0ea05d8734e125db86f708
Author: Thuan T. Nguyen <nguyenthaithuanalg@gmail.com>
Date:   Sun Sep 24 19:28:37 2023 +0700

    en

commit d6fc3ed53e0e51a245c074f62dfae5620c51a5b0
Author: Thuan T. Nguyen <nguyenthaithuanalg@gmail.com>
Date:   Sun Sep 24 19:20:35 2023 +0700

    en

commit 17049bcbc5fbe03cc919407b487ad3101946a76d
Author: Thuan T. Nguyen <nguyenthaithuanalg@gmail.com>
Date:   Sun Sep 24 19:20:12 2023 +0700

    en

commit 3f12d66e75d5b27e179d7f3e6a17c41460b3ad7f
Author: Thuan T. Nguyen <nguyenthaithuanalg@gmail.com>
Date:   Sun Sep 24 19:15:33 2023 +0700

    en

commit f08f6864e6de9ebb0eef626a98f27f6b7e3e4f7c
Author: Thuan T. Nguyen <nguyenthaithuanalg@gmail.com>
Date:   Sun Sep 24 19:03:21 2023 +0700

    en

commit 0b8e59300d8965afa6c69af827d0767662d70691
Author: Thuan T. Nguyen <nguyenthaithuanalg@gmail.com>
Date:   Sun Sep 24 18:58:17 2023 +0700

    en

commit c6e45b1bccedc49bb1ea358ad69d1c4cf5d3c883
Author: Thuan T. Nguyen <nguyenthaithuanalg@gmail.com>
Date:   Sun Sep 24 18:21:08 2023 +0700

    en

commit dc30ab681f384cc7ddcf58e492b5ebe95fd2b4ea
Author: Thuan T. Nguyen <nguyenthaithuanalg@gmail.com>
Date:   Sun Sep 24 18:15:43 2023 +0700

    en

commit 422fd7663b85411ca08a3670a7347183b65fd3ee
Author: Thuan T. Nguyen <nguyenthaithuanalg@gmail.com>
Date:   Sun Sep 24 17:18:09 2023 +0700

    en

commit e2dc7cea0c39195fe47e4e35b6794e299d3185c7
Author: Thuan T. Nguyen <nguyenthaithuanalg@gmail.com>
Date:   Sun Sep 24 17:05:48 2023 +0700

    en

commit 66f4a0a31b24b170bcd0b461a16d11479982569f
Author: Thuan T. Nguyen <nguyenthaithuanalg@gmail.com>
Date:   Sun Sep 24 17:03:01 2023 +0700

    en

commit 6a1704fa8885ec3331338b30bdf0b742a1e7ffd0
Author: Thuan T. Nguyen <nguyenthaithuanalg@gmail.com>
Date:   Sun Sep 24 12:51:47 2023 +0700

    en

commit 35e2dc5f6954f8182457079ceaa08c4933383351
Author: Thuan T. Nguyen <nguyenthaithuanalg@gmail.com>
Date:   Sun Sep 24 09:48:49 2023 +0700

    en

commit 1c41e297ae8365bc1591e75159bc59a4b69a6530
Author: Thuan T. Nguyen <nguyenthaithuanalg@gmail.com>
Date:   Sun Sep 24 09:37:42 2023 +0700

    en

commit ca9abfb2d0efc02766a89f7e671809b355514691
Author: Thuan T. Nguyen <nguyenthaithuanalg@gmail.com>
Date:   Sat Sep 23 22:14:06 2023 +0700

    en

commit 983b86f658d4fd72a99c05b07400101289a580cd
Author: Thuan T. Nguyen <nguyenthaithuanalg@gmail.com>
Date:   Sat Sep 23 22:02:58 2023 +0700

    en

commit 87ff1c2ff376803001b2c6ef05c02fd2e5619e16
Author: Thuan T. Nguyen <nguyenthaithuanalg@gmail.com>
Date:   Sat Sep 23 17:03:29 2023 +0700

    en

commit 82bcc45581683c3faa8b9a509567ddf56b7291dd
Author: Thuan T. Nguyen <nguyenthaithuanalg@gmail.com>
Date:   Sat Sep 23 11:50:10 2023 +0700

    en

commit 0efb4e186acbd49366bf3234ac38598326f36bb8
Author: Thuan T. Nguyen <nguyenthaithuanalg@gmail.com>
Date:   Sat Sep 23 11:10:03 2023 +0700

    en

commit aa706484e7f587885d4a6cc89fd692b8fb0cf941
Author: Thuan T. Nguyen <nguyenthaithuanalg@gmail.com>
Date:   Sat Sep 23 11:01:55 2023 +0700

    en

commit 2c770b14d790f9a7deba17e11b9482d6d1a477d8
Author: Thuan T. Nguyen <nguyenthaithuanalg@gmail.com>
Date:   Sat Sep 23 10:50:56 2023 +0700

    en

commit 1ec5ff678b76b547bf466f0ab779553cb5690c7a
Author: Thuan T. Nguyen <nguyenthaithuanalg@gmail.com>
Date:   Sat Sep 23 09:22:40 2023 +0700

    en

commit 4b24c94d002ef2b1cae710248b778176dd8e8bc6
Author: Thuan T. Nguyen <nguyenthaithuanalg@gmail.com>
Date:   Sat Sep 23 08:39:04 2023 +0700

    en

commit ae0d170369dd255f611e4372c87fd77234a7e28c
Author: Thuan T. Nguyen <nguyenthaithuanalg@gmail.com>
Date:   Sat Sep 23 07:48:27 2023 +0700

    en

commit 9f8103665bbe9bb7dc1432648e88bb4763d3c939
Author: Thuan T. Nguyen <nguyenthaithuanalg@gmail.com>
Date:   Sat Sep 23 07:36:46 2023 +0700

    en

commit bbf2a0348eace89c804b6ba746628a763ee322a8
Author: Thuan T. Nguyen <nguyenthaithuanalg@gmail.com>
Date:   Sat Sep 23 07:06:16 2023 +0700

    en

commit cff6563b8011d51ed33cd4165522b840fad75a93
Author: Thuan T. Nguyen <nguyenthaithuanalg@gmail.com>
Date:   Sun Sep 17 21:35:51 2023 +0700

    en

commit d8647640a04ee88cd7f1ebfdfb6a63cb2fc53ab4
Author: Thuan T. Nguyen <nguyenthaithuanalg@gmail.com>
Date:   Sun Sep 17 20:58:04 2023 +0700

    en

commit a6a3e957531929a220488dc87905c8a35d05d96f
Merge: c095464 b22d698
Author: Thuan T. Nguyen <nguyenthaithuanalg@gmail.com>
Date:   Sun Sep 17 20:55:50 2023 +0700

    en

commit c095464e319b86513f66c71e1931586b8a7843d5
Author: Thuan T. Nguyen <nguyenthaithuanalg@gmail.com>
Date:   Sun Sep 17 20:53:35 2023 +0700

    en

commit b22d69896a0aa6328c794c478c84f7097218eb23
Author: Thuan T. Nguyen <nguyenthaithuanalg@gmail.com>
Date:   Sun Sep 17 19:11:50 2023 +0700

    en

commit ed79b5b9da5f8ff9a0e328f6a9e6e0609e54a821
Author: Thuan T. Nguyen <nguyenthaithuanalg@gmail.com>
Date:   Sun Sep 17 11:54:16 2023 +0700

    en

commit 7a16c1dfadc3ed212029da77c97a7b8e584914a8
Author: Thuan T. Nguyen <nguyenthaithuanalg@gmail.com>
Date:   Sun Sep 17 11:20:48 2023 +0700

    en

commit 20b5e2ed69101171c2fbacbb843ab4eea00a2e3b
Author: Thuan T. Nguyen <nguyenthaithuanalg@gmail.com>
Date:   Thu Sep 14 22:07:34 2023 +0700

    en

commit 3a883e4eee307f0ff48ed3a8134149be7bb7b877
Author: Thuan T. Nguyen <nguyenthaithuanalg@gmail.com>
Date:   Mon Sep 11 20:47:42 2023 +0700

    en

commit 81f58b292b52cd901c8ac9700ddad82b88d45148
Author: Thuan T. Nguyen <nguyenthaithuanalg@gmail.com>
Date:   Mon Sep 11 20:44:55 2023 +0700

    en

commit babacef1220bf8da0bdc4f8440734a1d65c1091b
Author: Thuan T. Nguyen <nguyenthaithuanalg@gmail.com>
Date:   Mon Sep 11 20:41:09 2023 +0700

    en

commit 88fee4c369e008cb7b7cad7f77afff8be9bebbb9
Author: Thuan T. Nguyen <nguyenthaithuanalg@gmail.com>
Date:   Mon Sep 11 12:21:39 2023 +0700

    en

commit b433bc6af902cfe8661ec022dfde30a1b40d57f6
Author: Thuan T. Nguyen <nguyenthaithuanalg@gmail.com>
Date:   Sun Sep 10 13:19:05 2023 +0700

    en

commit 55b796b00e85f263dd2891466c052c9e596a228a
Author: Thuan T. Nguyen <nguyenthaithuanalg@gmail.com>
Date:   Sat Sep 9 16:09:19 2023 +0700

    en

commit 055d54a0d8d1a2566631b2cf2acdf197d88892c7
Author: Thuan T. Nguyen <nguyenthaithuanalg@gmail.com>
Date:   Sat Sep 9 15:56:12 2023 +0700

    en

commit b4e51a316c11be77d8c781a50a6374b45758a484
Author: Thuan T. Nguyen <nguyenthaithuanalg@gmail.com>
Date:   Sat Sep 9 15:42:16 2023 +0700

    en

commit 3ffbc9656c04ee251f3d9ada1e67f7580c707f24
Author: Thuan T. Nguyen <nguyenthaithuanalg@gmail.com>
Date:   Sat Sep 9 15:32:18 2023 +0700

    en

commit bdbb13dcf79401d99c854031608b12947d57a6f7
Author: Thuan T. Nguyen <nguyenthaithuanalg@gmail.com>
Date:   Sat Sep 9 12:12:14 2023 +0700

    en

commit c490fc3c0c49b02e0a4a1614ae835f50499b6c9a
Author: Thuan T. Nguyen <nguyenthaithuanalg@gmail.com>
Date:   Sat Sep 9 11:59:17 2023 +0700

    en

commit 3f05d736673efa1c95ea540e7be6e99cf984461b
Author: Thuan T. Nguyen <nguyenthaithuanalg@gmail.com>
Date:   Sat Sep 9 11:49:53 2023 +0700

    en

commit aad072661b435719a5abd8c2bf4050738861b18e
Author: Thuan T. Nguyen <nguyenthaithuanalg@gmail.com>
Date:   Sat Sep 9 11:43:12 2023 +0700

    en

commit 89e4def06c489dbf5387eeb50b9d4e81bded724e
Author: Thuan T. Nguyen <nguyenthaithuanalg@gmail.com>
Date:   Sat Sep 9 08:00:56 2023 +0700

    en

commit 1f561857ee063d835e98365887854297d01cf740
Author: Thuan T. Nguyen <nguyenthaithuanalg@gmail.com>
Date:   Sat Sep 9 07:58:25 2023 +0700

    en

commit 71b3c2d0b18686fb01e05a7246c3ec7caacd7a03
Author: Thuan T. Nguyen <nguyenthaithuanalg@gmail.com>
Date:   Sat Sep 9 07:46:44 2023 +0700

    en

commit 1d3d91c9f936eb8ff32206117943fd75ec0e227e
Author: Thuan T. Nguyen <nguyenthaithuanalg@gmail.com>
Date:   Sat Sep 9 07:20:10 2023 +0700

    en

commit 1027d15c1f10912961edcb953981d471f6bc79ca
Author: Thuan T. Nguyen <nguyenthaithuanalg@gmail.com>
Date:   Fri Sep 8 21:56:46 2023 +0700

    en

commit 431956a19c9a399b07816bb0db48d5811eb45bfd
Author: Thuan T. Nguyen <nguyenthaithuanalg@gmail.com>
Date:   Fri Sep 8 17:23:03 2023 +0700

    en

commit 8e1d6fb0c2e769f8dc1821848c40174e16d7f410
Author: Thuan T. Nguyen <nguyenthaithuanalg@gmail.com>
Date:   Fri Sep 8 16:48:14 2023 +0700

    en

commit 8991718d8ba27478cca5f496fe980da5ac03e21e
Author: Thuan T. Nguyen <nguyenthaithuanalg@gmail.com>
Date:   Fri Sep 8 16:41:37 2023 +0700

    en

commit b28818097096549e040af0b7761ed0af6d8cf94c
Author: Thuan T. Nguyen <nguyenthaithuanalg@gmail.com>
Date:   Fri Sep 8 15:51:18 2023 +0700

    en

commit 4d0cabadbde317b10241d9be2301142a7e737430
Author: Thuan T. Nguyen <nguyenthaithuanalg@gmail.com>
Date:   Fri Sep 8 15:38:13 2023 +0700

    en

commit 864a55215943a42cf422564bb755640b560ef1b0
Author: Thuan T. Nguyen <nguyenthaithuanalg@gmail.com>
Date:   Fri Sep 8 12:15:18 2023 +0700

    en

commit 104374c32c63a89edf64621a999ac44f01e194af
Author: Thuan T. Nguyen <nguyenthaithuanalg@gmail.com>
Date:   Fri Sep 8 11:14:41 2023 +0700

    en

commit ed5f489e834161b48b2350f72db7c2ae1ac9c9ca
Author: Thuan T. Nguyen <nguyenthaithuanalg@gmail.com>
Date:   Fri Sep 8 10:34:52 2023 +0700

    en

commit ff4eebe6e2dd7c193933828d12df0b47fea6886b
Author: Thuan T. Nguyen <nguyenthaithuanalg@gmail.com>
Date:   Thu Sep 7 21:52:14 2023 +0700

    en

commit 51a23e425ffbc65a086a451f7587951e6501fa1c
Author: Thuan T. Nguyen <nguyenthaithuanalg@gmail.com>
Date:   Thu Sep 7 21:49:52 2023 +0700

    en

commit bbf33aee9273697d17a46ba6576ded37599a21b8
Author: Thuan T. Nguyen <nguyenthaithuanalg@gmail.com>
Date:   Thu Sep 7 21:45:32 2023 +0700

    en

commit 8a1111f04a30da446e536873a34a340d9f873d81
Author: Thuan T. Nguyen <nguyenthaithuanalg@gmail.com>
Date:   Thu Sep 7 21:43:32 2023 +0700

    en

commit 94fcae411e01a9d821441a18fc873bfab0434baa
Author: Thuan T. Nguyen <nguyenthaithuanalg@gmail.com>
Date:   Thu Sep 7 14:08:40 2023 +0700

    en

commit 7a2d1a3b5b0500c00932dcde1ac77cf4d71c049f
Author: Thuan T. Nguyen <nguyenthaithuanalg@gmail.com>
Date:   Thu Sep 7 13:52:53 2023 +0700

    en

commit 40bef6238e5e4c10e2dfdf9d5065be52f5c815e5
Author: Thuan T. Nguyen <nguyenthaithuanalg@gmail.com>
Date:   Wed Sep 6 22:38:39 2023 +0700

    en

commit aab4e2a72abc5173bf34c67bf081bf16d013b3a4
Author: Thuan T. Nguyen <nguyenthaithuanalg@gmail.com>
Date:   Tue Sep 5 20:29:35 2023 +0700

    en

commit cd8eea4228d33b27b3a0f25b903e71ae70670bf6
Author: Thuan T. Nguyen <nguyenthaithuanalg@gmail.com>
Date:   Tue Sep 5 14:01:23 2023 +0700

    en

commit b79ef316163c17d0938efd563aeb2f06ed5a8a37
Author: Thuan T. Nguyen <nguyenthaithuanalg@gmail.com>
Date:   Mon Sep 4 22:09:40 2023 +0700

    en

commit baf9e08c2379fd9e1c9f48d1b2f5cd67123d9099
Author: Thuan T. Nguyen <nguyenthaithuanalg@gmail.com>
Date:   Mon Sep 4 21:21:00 2023 +0700

    en

commit dc7c1e93c18c4d354a44afb29a9e8b74cbe593a4
Author: Thuan T. Nguyen <nguyenthaithuanalg@gmail.com>
Date:   Mon Sep 4 18:27:53 2023 +0700

    en

commit 756624a519aa13cea347ee67d4bda89634378380
Author: Thuan T. Nguyen <nguyenthaithuanalg@gmail.com>
Date:   Mon Sep 4 16:02:33 2023 +0700

    en

commit 6c3c05d8248af7166a02b9e7fb7b0a100decbd28
Author: Thuan T. Nguyen <nguyenthaithuanalg@gmail.com>
Date:   Sat Sep 2 17:40:42 2023 +0700

    en

commit 9d13e8b294d4555d7c11142e4e4b760ba3fa5616
Author: Thuan T. Nguyen <nguyenthaithuanalg@gmail.com>
Date:   Sat Sep 2 17:19:40 2023 +0700

    en

commit f9994d0471dbaf6638605278a3aa79030dc79b6f
Author: Thuan T. Nguyen <nguyenthaithuanalg@gmail.com>
Date:   Sat Sep 2 14:49:05 2023 +0700

    en

commit 592c535422bccebcab30778cccdfaac7fcd3dce0
Author: Thuan T. Nguyen <nguyenthaithuanalg@gmail.com>
Date:   Fri Sep 1 17:10:24 2023 +0700

    en

commit fdaecb6caddbefa99170570ab971d7baafd015a9
Author: Thuan T. Nguyen <nguyenthaithuanalg@gmail.com>
Date:   Fri Sep 1 14:28:45 2023 +0700

    en

commit 7e26db5c03606c3c755fe966c3853f7b2a0474b3
Author: Thuan T. Nguyen <nguyenthaithuanalg@gmail.com>
Date:   Thu Aug 31 19:50:11 2023 +0700

    en

commit 22def64c1e5001a52d18b63606a6f8cbc2f6d3f8
Author: Thuan T. Nguyen <nguyenthaithuanalg@gmail.com>
Date:   Thu Aug 31 19:23:30 2023 +0700

    en

commit 601a9e8746657af216f1170c64120cb046dcb1ae
Author: Thuan T. Nguyen <nguyenthaithuanalg@gmail.com>
Date:   Wed Aug 30 21:48:59 2023 +0700

    en

commit 34e5389b0af4ba3bd3151db0eb8212e608a37d91
Author: Thuan T. Nguyen <nguyenthaithuanalg@gmail.com>
Date:   Wed Aug 30 21:40:49 2023 +0700

    en

commit 5f955498c07735d1249fde81318c8503af633b9e
Author: Thuan T. Nguyen <nguyenthaithuanalg@gmail.com>
Date:   Wed Aug 30 14:12:02 2023 +0700

    en

commit c3c76b87dbea14c7a88a5cdaf5bf93b430e0e20a
Author: Thuan T. Nguyen <nguyenthaithuanalg@gmail.com>
Date:   Wed Aug 30 02:07:45 2023 +0700

    en

commit f5b714837b4f512d3fbfeefa904dc1149793f543
Author: Thuan T. Nguyen <nguyenthaithuanalg@gmail.com>
Date:   Tue Aug 29 10:11:53 2023 +0700

    en

commit 9f69d20f4c06d2d6bcf95f9778687e6dc9d666d1
Author: Thuan T. Nguyen <nguyenthaithuanalg@gmail.com>
Date:   Tue Aug 29 09:28:22 2023 +0700

    en

commit 6da9c7051c819bd2a16dda75b6be3658828f3d88
Author: Thuan T. Nguyen <nguyenthaithuanalg@gmail.com>
Date:   Sat Aug 26 18:52:59 2023 +0700

    en

commit 8cb46b8dc48c1039a204a0d508a0fe5fd23f20b8
Author: Thuan T. Nguyen <nguyenthaithuanalg@gmail.com>
Date:   Sat Aug 26 13:48:26 2023 +0700

    en

commit d633eec672871fe8439edad47bbffb257f8ec137
Author: Thuan T. Nguyen <nguyenthaithuanalg@gmail.com>
Date:   Sat Aug 26 12:19:37 2023 +0700

    en

commit dd532914c34ade6cfe0078a66d7fd3e13eb31aee
Author: Thuan T. Nguyen <nguyenthaithuanalg@gmail.com>
Date:   Sat Aug 26 09:45:29 2023 +0700

    en

commit 561ee2c433d5ddb3ea98f43a9f243d161e8a2611
Author: Thuan T. Nguyen <nguyenthaithuanalg@gmail.com>
Date:   Sat Aug 26 08:52:41 2023 +0700

    en

commit 6622c7f0205328510e4b72dcc9a1e8f3dc114906
Author: Thuan T. Nguyen <nguyenthaithuanalg@gmail.com>
Date:   Fri Aug 25 16:16:11 2023 +0700

    en

commit 1b20ad2448d95ad2fb1b0e718169307bebfd140d
Author: Thuan T. Nguyen <nguyenthaithuanalg@gmail.com>
Date:   Fri Aug 25 16:13:45 2023 +0700

    en

commit a568b5e3a7a62d614fbae493be86bbf1af295aca
Author: Thuan T. Nguyen <nguyenthaithuanalg@gmail.com>
Date:   Fri Aug 25 13:35:24 2023 +0700

    en

commit 781379b1ef94c414d644d19ab1ae3ac72995b043
Author: Thuan T. Nguyen <nguyenthaithuanalg@gmail.com>
Date:   Thu Aug 24 16:51:50 2023 +0700

    en

commit c4263f4b7fdd9206c7f7030446b19f131973323c
Author: Thuan T. Nguyen <nguyenthaithuanalg@gmail.com>
Date:   Thu Aug 24 16:42:40 2023 +0700

    en

commit ce4c6adf290d41f84793096d9fb9840ed8b45581
Author: Thuan T. Nguyen <nguyenthaithuanalg@gmail.com>
Date:   Thu Aug 24 09:49:13 2023 +0700

    en

commit de51cb371c178fa81794e959a99a5d731c38297a
Author: Thuan T. Nguyen <nguyenthaithuanalg@gmail.com>
Date:   Tue Aug 22 21:43:52 2023 +0700

    en

commit d53fb9b01e852e128590612eb173dbbc971ae26c
Author: Thuan T. Nguyen <nguyenthaithuanalg@gmail.com>
Date:   Tue Aug 22 21:34:54 2023 +0700

    en

commit c471f2b8f7b5debfc4d6b4de64f4c7ffb57f9584
Author: Thuan T. Nguyen <nguyenthaithuanalg@gmail.com>
Date:   Tue Aug 22 21:32:36 2023 +0700

    en

commit a00151fdbc2c9974eeeafabb2cf794a1111a9cce
Author: Thuan T. Nguyen <nguyenthaithuanalg@gmail.com>
Date:   Tue Aug 22 21:29:41 2023 +0700

    en

commit ec6aa657b495024d90c6210f3d2bce4b82930f52
Author: Thuan T. Nguyen <nguyenthaithuanalg@gmail.com>
Date:   Tue Aug 22 15:55:12 2023 +0700

    en

commit 49a97b772b55b9a17fb2f5bcb5c03e36cacb09d0
Author: Thuan T. Nguyen <nguyenthaithuanalg@gmail.com>
Date:   Tue Aug 22 15:52:35 2023 +0700

    en

commit 0f6d59dbe8df8d65cb456a2ee10240e9a2eee8f4
Author: Thuan T. Nguyen <nguyenthaithuanalg@gmail.com>
Date:   Tue Aug 22 13:17:07 2023 +0700

    en

commit 5ab42cebaf9d7a758382542dd454ea4cb97e159e
Author: Thuan T. Nguyen <nguyenthaithuanalg@gmail.com>
Date:   Tue Aug 22 13:04:16 2023 +0700

    en

commit 88ff9483a3cfc885468b29dc9eeece60ad96aaf4
Author: Thuan T. Nguyen <nguyenthaithuanalg@gmail.com>
Date:   Tue Aug 22 13:03:41 2023 +0700

    en

commit 69eb891628fb67e35541e0c378297baf576455b2
Author: Thuan T. Nguyen <nguyenthaithuanalg@gmail.com>
Date:   Sat Aug 19 21:10:28 2023 +0700

    en

commit 95af4a5ef426b85cffb502427697fb521dadd10e
Author: Thuan T. Nguyen <nguyenthaithuanalg@gmail.com>
Date:   Fri Aug 18 19:17:26 2023 +0700

    en

commit b7f0c6d1e80fe7c984d1ae32a247799cc91bb40f
Author: Thuan T. Nguyen <nguyenthaithuanalg@gmail.com>
Date:   Fri Aug 18 09:33:09 2023 +0700

    en

commit 5621852af40c4177b364189f68330fbb04719e07
Author: Thuan T. Nguyen <nguyenthaithuanalg@gmail.com>
Date:   Thu Aug 17 15:55:00 2023 +0700

    en

commit 496a13104f90ef39662a8e9573338b2887d5315c
Author: Thuan T. Nguyen <nguyenthaithuanalg@gmail.com>
Date:   Thu Aug 17 15:46:59 2023 +0700

    en

commit a176bd9b8346977039b085d1629d148911db0244
Author: Thuan T. Nguyen <nguyenthaithuanalg@gmail.com>
Date:   Thu Aug 17 15:35:41 2023 +0700

    en

commit 7d8d001bd04df82905eca641a9619de7a3edb039
Author: Thuan T. Nguyen <nguyenthaithuanalg@gmail.com>
Date:   Thu Aug 17 15:24:09 2023 +0700

    en

commit 275c166a9803f9533b46da089c3eb6217a2db4c5
Author: Thuan T. Nguyen <nguyenthaithuanalg@gmail.com>
Date:   Thu Aug 17 14:05:09 2023 +0700

    en

commit f2ee6bacd16b57126cf43560a4f19dbfa3d1a744
Author: Thuan T. Nguyen <nguyenthaithuanalg@gmail.com>
Date:   Thu Aug 17 11:12:14 2023 +0700

    en

commit dc15bbae5a860a06c2214fcf98265b2c177ee8a2
Author: Thuan T. Nguyen <nguyenthaithuanalg@gmail.com>
Date:   Wed Aug 16 21:10:29 2023 +0700

    en

commit ff8d78c5c604f2dc39e16f7854d00fb22e2a73f0
Author: Thuan T. Nguyen <nguyenthaithuanalg@gmail.com>
Date:   Wed Aug 16 15:23:03 2023 +0700

    en

commit 67443826fd7e5f0700c59ae53709dcff9023f217
Author: Thuan T. Nguyen <nguyenthaithuanalg@gmail.com>
Date:   Tue Aug 15 12:10:43 2023 +0700

    en

commit d246d2d7e593dbed2aa580a2c52cf7cdabb5c366
Author: Thuan T. Nguyen <nguyenthaithuanalg@gmail.com>
Date:   Tue Aug 15 09:00:21 2023 +0700

    en

commit 40f76b89226b0be089ef1f529268eb09e1d3ad52
Author: Thuan T. Nguyen <nguyenthaithuanalg@gmail.com>
Date:   Tue Aug 15 08:50:26 2023 +0700

    en

commit 9a1bc6f12510ec65d22165b3a5d364ba62a8b559
Author: Thuan T. Nguyen <nguyenthaithuanalg@gmail.com>
Date:   Mon Aug 14 18:40:08 2023 +0700

    en

commit 780c293be63f49e976c534a5749348c2401a822f
Author: Thuan T. Nguyen <nguyenthaithuanalg@gmail.com>
Date:   Mon Aug 14 15:50:34 2023 +0700

    en

commit 8dcbadfcab21e87aec0cfc6d730dd29ea8ae7e3e
Author: Thuan T. Nguyen <nguyenthaithuanalg@gmail.com>
Date:   Mon Aug 14 13:47:13 2023 +0700

    en

commit 12351736e46cee675ed6ba073606b53a7309abee
Author: Thuan T. Nguyen <nguyenthaithuanalg@gmail.com>
Date:   Mon Aug 14 11:26:40 2023 +0700

    en

commit 48345aa93e4ed0727cab08df03c9e38452ece63b
Author: Thuan T. Nguyen <nguyenthaithuanalg@gmail.com>
Date:   Sun Aug 13 22:26:47 2023 +0700

    en

commit ca67fbcf4edd6b5a1f730952e9ab52518d7a7c91
Author: Thuan T. Nguyen <nguyenthaithuanalg@gmail.com>
Date:   Sun Aug 13 21:01:21 2023 +0700

    en

commit 18b2abd1de7da176c5a04923d9bed933c92ceeea
Author: Thuan T. Nguyen <nguyenthaithuanalg@gmail.com>
Date:   Sun Aug 13 20:47:43 2023 +0700

    en

commit 2d3f7211beb8858b1a30bec4cd1bb851db67db21
Author: Thuan T. Nguyen <nguyenthaithuanalg@gmail.com>
Date:   Sun Aug 13 18:30:51 2023 +0700

    en

commit 8bd5c43183f91d6b45c1ba42533cff170c5d87ac
Author: Thuan T. Nguyen <nguyenthaithuanalg@gmail.com>
Date:   Sun Aug 13 18:22:25 2023 +0700

    en

commit 7241ae5c02ec6db4352c17848e67a7dd522c30ff
Author: Thuan T. Nguyen <nguyenthaithuanalg@gmail.com>
Date:   Sun Aug 13 18:15:20 2023 +0700

    en

commit 09e3203fd7cdd6b4124abfc06985bf6cf0ef8366
Author: Thuan T. Nguyen <nguyenthaithuanalg@gmail.com>
Date:   Sat Aug 12 17:06:19 2023 +0700

    en

commit bd68ef044282c1c89456f3827528f86e0e57f3d2
Author: Thuan T. Nguyen <nguyenthaithuanalg@gmail.com>
Date:   Sat Aug 12 16:43:05 2023 +0700

    en

commit e003b82c8b250f4d28b8d429ed09d8b8080f3a23
Author: Thuan T. Nguyen <nguyenthaithuanalg@gmail.com>
Date:   Sat Aug 12 16:21:43 2023 +0700

    en

commit 9369533b3e334736a4a0bc4288fae2ce7e3f990d
Author: Thuan T. Nguyen <nguyenthaithuanalg@gmail.com>
Date:   Sat Aug 12 10:38:26 2023 +0700

    en

commit 214b590111297ecdfa246947413e4c72190e35ea
Author: Thuan T. Nguyen <nguyenthaithuanalg@gmail.com>
Date:   Sat Aug 12 08:09:50 2023 +0700

    en

commit 5dad9f51587900e5d7436c1cfa03c1917d550d99
Author: Thuan T. Nguyen <nguyenthaithuanalg@gmail.com>
Date:   Fri Aug 11 23:12:46 2023 +0700

    en

commit 9212ebb20b856d6bf7487b70e9eb7c0587219c1b
Author: Thuan T. Nguyen <nguyenthaithuanalg@gmail.com>
Date:   Fri Aug 11 22:11:15 2023 +0700

    en

commit cede28356269846771d87e6d3a698126c862047b
Author: Thuan T. Nguyen <nguyenthaithuanalg@gmail.com>
Date:   Fri Aug 11 19:56:14 2023 +0700

    en

commit c753a7139621c6f5dbe1a82f9e587b47fe063ecb
Author: Thuan T. Nguyen <nguyenthaithuanalg@gmail.com>
Date:   Fri Aug 11 19:42:19 2023 +0700

    en

commit 30d5e5aa1fae15da219ce5d53fc5e1d905892a48
Author: Thuan T. Nguyen <nguyenthaithuanalg@gmail.com>
Date:   Fri Aug 11 19:35:49 2023 +0700

    en

commit 9f918aa6d157f2dbdc395b4a73258858a5eec638
Author: Thuan T. Nguyen <nguyenthaithuanalg@gmail.com>
Date:   Fri Aug 11 06:09:51 2023 +0700

    en

commit da6751a0f505eca20aa7c6e181db1241fdaaf522
Author: Thuan T. Nguyen <nguyenthaithuanalg@gmail.com>
Date:   Wed Aug 9 20:13:09 2023 +0700

    en

commit 84aa93f2c582921b5b412291ae1759f5db468958
Author: Thuan T. Nguyen <nguyenthaithuanalg@gmail.com>
Date:   Wed Aug 9 14:08:46 2023 +0700

    en

commit 2bfbe1bae348ac1e71b45a25a7a3b16b82a95321
Author: Thuan T. Nguyen <nguyenthaithuanalg@gmail.com>
Date:   Tue Aug 8 15:45:17 2023 +0700

    en

commit fcffc30ef95a5de8b3dcf740fae3f2391e8d06fd
Author: Thuan T. Nguyen <nguyenthaithuanalg@gmail.com>
Date:   Mon Aug 7 20:56:07 2023 +0700

    en

commit 1507bf933b92f8ec4efcb357a161febc0738789c
Author: Thuan T. Nguyen <nguyenthaithuanalg@gmail.com>
Date:   Mon Aug 7 14:05:49 2023 +0700

    en

commit e6230213a091234a30fae1b018f80ca38458d0e9
Author: Thuan T. Nguyen <nguyenthaithuanalg@gmail.com>
Date:   Mon Aug 7 13:48:57 2023 +0700

    en

commit d7a3397696096f26022dd6dff8d1b325c4eed9f4
Author: Thuan T. Nguyen <nguyenthaithuanalg@gmail.com>
Date:   Mon Aug 7 10:36:26 2023 +0700

    en

commit d38826888a102884833b80a9ae3cad7e53a39dd0
Author: Thuan T. Nguyen <nguyenthaithuanalg@gmail.com>
Date:   Sun Aug 6 21:36:30 2023 +0700

    en

commit 34d9f80c8cedf718f20f457085756e898a01deda
Author: Thuan T. Nguyen <nguyenthaithuanalg@gmail.com>
Date:   Sun Aug 6 21:32:45 2023 +0700

    en

commit e7b6979a2387af9b257bef4840022a0ea2d629b6
Author: Thuan T. Nguyen <nguyenthaithuanalg@gmail.com>
Date:   Sun Aug 6 17:47:58 2023 +0700

    en

commit a62358980c4aacb990a72639264e1ace2b2e98de
Author: Thuan T. Nguyen <nguyenthaithuanalg@gmail.com>
Date:   Sun Aug 6 17:04:08 2023 +0700

    en

commit 1ba48dbaa8dfebfb4850bb162f93f620c4005538
Author: Thuan T. Nguyen <nguyenthaithuanalg@gmail.com>
Date:   Sun Aug 6 13:28:51 2023 +0700

    en

commit f44363f47e2ad5c7e8089463cf3fc05bc7a82d61
Author: Thuan T. Nguyen <nguyenthaithuanalg@gmail.com>
Date:   Sat Aug 5 15:13:31 2023 +0700

    en

commit 1d16b378f5f1a115d72de084b2d79123773c795a
Author: Thuan T. Nguyen <nguyenthaithuanalg@gmail.com>
Date:   Sat Aug 5 15:07:55 2023 +0700

    en

commit 01b69362eb37c8c08c016e19442e8711d034bbf7
Author: Thuan T. Nguyen <nguyenthaithuanalg@gmail.com>
Date:   Fri Aug 4 22:31:30 2023 +0700

    en

commit 5179bf2afec83df08ff3eea7f93cabe881544113
Author: Thuan T. Nguyen <nguyenthaithuanalg@gmail.com>
Date:   Fri Aug 4 19:59:37 2023 +0700

    en

commit b2631b1fe6e680c3de038049a3b640889830d123
Author: Thuan T. Nguyen <nguyenthaithuanalg@gmail.com>
Date:   Fri Aug 4 17:41:29 2023 +0700

    en

commit 74a44b2cd6322b93a9e8d6a2f93005ecd94fb9a5
Author: Thuan T. Nguyen <nguyenthaithuanalg@gmail.com>
Date:   Fri Aug 4 17:36:30 2023 +0700

    en

commit f82f17fe119aac9ea0d294d5912c72c9cef051e8
Author: Thuan T. Nguyen <nguyenthaithuanalg@gmail.com>
Date:   Fri Aug 4 14:49:38 2023 +0700

    en

commit a2e355b18749fa0bf8d5db4b3fc0bdf46d4c1684
Author: Thuan T. Nguyen <nguyenthaithuanalg@gmail.com>
Date:   Fri Aug 4 11:44:48 2023 +0700

    en

commit b753a0f620fdc78a33f541deab7bbe4a362933a3
Author: Thuan T. Nguyen <nguyenthaithuanalg@gmail.com>
Date:   Thu Aug 3 19:51:25 2023 +0700

    en

commit 4a57068c3b6d8a59d27663615fe87ae4923721a9
Author: Thuan T. Nguyen <nguyenthaithuanalg@gmail.com>
Date:   Thu Aug 3 12:10:12 2023 +0700

    en

commit 8607a0c9d933387fcfa898debb22db87f87cbc32
Author: Thuan T. Nguyen <nguyenthaithuanalg@gmail.com>
Date:   Thu Aug 3 12:07:14 2023 +0700

    en

commit dc15dc7efbb26d10a28478c79e8a3e8abcd4e11d
Author: Thuan T. Nguyen <nguyenthaithuanalg@gmail.com>
Date:   Wed Aug 2 11:57:34 2023 +0700

    en

commit 79b55af4da8f928b07df956b8341c6cff2944146
Author: Thuan T. Nguyen <nguyenthaithuanalg@gmail.com>
Date:   Wed Aug 2 09:18:50 2023 +0700

    en

commit d5ec3bf8a317ea218f3648c453794684fe9885f4
Author: Thuan T. Nguyen <nguyenthaithuanalg@gmail.com>
Date:   Wed Aug 2 08:56:13 2023 +0700

    en

commit 6c11c1f6df82d7e7cd9579f8dff2670cf8069767
Author: Thuan T. Nguyen <nguyenthaithuanalg@gmail.com>
Date:   Wed Aug 2 08:19:29 2023 +0700

    en

commit 98af9f6a51fd4f5498fd09bd03fe96404d79b6dc
Author: Thuan T. Nguyen <nguyenthaithuanalg@gmail.com>
Date:   Wed Aug 2 08:11:30 2023 +0700

    en

commit e31b5a42f17ac4c32e9b1e7c91b21118f59907ba
Author: Thuan T. Nguyen <nguyenthaithuanalg@gmail.com>
Date:   Mon Jul 31 17:39:59 2023 +0700

    en

commit 2a6f9590ac1e4c2f35a306e26776f89c26881f12
Author: Thuan T. Nguyen <nguyenthaithuanalg@gmail.com>
Date:   Mon Jul 31 17:19:42 2023 +0700

    en

commit f1bd95b903f34776581aa64ca8279eac4ffb675c
Author: Thuan T. Nguyen <nguyenthaithuanalg@gmail.com>
Date:   Sat Jul 29 21:32:21 2023 +0700

    en

commit cdf29c43a86075630d373483ab0d3db16e9db620
Author: Thuan T. Nguyen <nguyenthaithuanalg@gmail.com>
Date:   Sat Jul 29 21:30:57 2023 +0700

    en

commit 581aed45a1f1a99d3f5ed676d61dfdc183852119
Author: Thuan T. Nguyen <nguyenthaithuanalg@gmail.com>
Date:   Sat Jul 29 19:25:41 2023 +0700

    en

commit 80572ab59856cb0799a60774e7bc4ef747158d52
Author: Thuan T. Nguyen <nguyenthaithuanalg@gmail.com>
Date:   Sat Jul 29 18:59:05 2023 +0700

    en

commit 1eedf5059feb19d58a7a04444b1b48bd693c5209
Author: Thuan T. Nguyen <nguyenthaithuanalg@gmail.com>
Date:   Sat Jul 29 15:57:00 2023 +0700

    en

commit fa0407e7dcfc35c0cd1027cb5193305e40b4b1eb
Author: Thuan T. Nguyen <nguyenthaithuanalg@gmail.com>
Date:   Sat Jul 29 15:40:03 2023 +0700

    en

commit d16201182b9f884a4df5faf43e329a0588669e23
Author: Thuan T. Nguyen <nguyenthaithuanalg@gmail.com>
Date:   Fri Jul 28 20:17:16 2023 +0700

    en

commit e01184692d5a34051256e5feca8ff15156552416
Author: Thuan T. Nguyen <nguyenthaithuanalg@gmail.com>
Date:   Fri Jul 28 19:43:18 2023 +0700

    en

commit c8583b96429915e9e1b0ff9d156b3794da6e7133
Author: Thuan T. Nguyen <nguyenthaithuanalg@gmail.com>
Date:   Fri Jul 28 15:26:57 2023 +0700

    en

commit d66ce7d64ba038d1c0cc1d29185cc3631142363e
Author: Thuan T. Nguyen <nguyenthaithuanalg@gmail.com>
Date:   Fri Jul 28 15:00:25 2023 +0700

    en

commit d856263f90a9f361a98b3e957a2548be238ac5ef
Author: Thuan T. Nguyen <nguyenthaithuanalg@gmail.com>
Date:   Fri Jul 28 12:57:55 2023 +0700

    en

commit c367a42e582dafb81cfc41bcce49cb4db77d9cb0
Author: Thuan T. Nguyen <nguyenthaithuanalg@gmail.com>
Date:   Fri Jul 28 12:53:50 2023 +0700

    en

commit e3a042937aa5ec3ca64f5008c19fc281aaf24261
Author: Thuan T. Nguyen <nguyenthaithuanalg@gmail.com>
Date:   Fri Jul 28 12:53:11 2023 +0700

    en

commit b71b1bf50ba819ce2191ff51dcefb113343804f8
Author: Thuan T. Nguyen <nguyenthaithuanalg@gmail.com>
Date:   Fri Jul 28 12:51:41 2023 +0700

    en

commit 19daea8aa313a72468d9b425ae7547fb54445dff
Author: Thuan T. Nguyen <nguyenthaithuanalg@gmail.com>
Date:   Fri Jul 28 12:49:44 2023 +0700

    en

commit d758d65f3c560844813578f4a7157606d592248d
Author: Thuan T. Nguyen <nguyenthaithuanalg@gmail.com>
Date:   Fri Jul 28 12:48:42 2023 +0700

    en

commit d6dd502663a565fd4142ba8f2e64dac8003c63fa
Author: Thuan T. Nguyen <nguyenthaithuanalg@gmail.com>
Date:   Fri Jul 28 12:44:56 2023 +0700

    en

commit 55a237ee31a4669af6dad8156e2e17c6e9ccbdb5
Author: thuannguyen <thuannguyen@localhost.localdomain>
Date:   Fri Jul 28 12:40:42 2023 +0700

    en

commit 55a32b3f2c9bd18860ac043bef87cceef4902401
Merge: a16ee47 65038ae
Author: Thuan T. Nguyen <nguyenthaithuanalg@gmail.com>
Date:   Fri Jul 28 12:34:39 2023 +0700

    en

commit 65038ae6785428304da08f9f10acd4b0abdf3f11
Author: thuannguyen <thuannguyen@localhost.localdomain>
Date:   Fri Jul 28 12:26:25 2023 +0700

    en

commit a16ee47929494832021f627dad3e1b9f83b33114
Author: Thuan T. Nguyen <nguyenthaithuanalg@gmail.com>
Date:   Fri Jul 28 12:04:33 2023 +0700

    en

commit c8ad0f6f72953d2b8840ab99d8d6041683e48f2c
Author: Thuan T. Nguyen <nguyenthaithuanalg@gmail.com>
Date:   Fri Jul 28 10:03:57 2023 +0700

    en

commit d67d8f2b4bfd38bac5b041d086939261f5317e59
Author: thuan.nt <thuannguyen@lcs.com.vn>
Date:   Fri Jul 28 07:58:11 2023 +0700

    en

commit 74e7a60bd443abc4894865a805cdd4c0a75bc60b
Author: thuannguyen <thuannguyen@localhost.localdomain>
Date:   Thu Jul 27 15:17:52 2023 +0700

    en

commit 73cc9c14afe1d2694f657f6d4415654796d9e23c
Author: thuannguyen <thuannguyen@localhost.localdomain>
Date:   Thu Jul 27 14:09:30 2023 +0700

    en

commit b68fecd48cdf091e16b3c75054828c60f69b8ff0
Author: thuannguyen <thuannguyen@localhost.localdomain>
Date:   Thu Jul 27 14:08:35 2023 +0700

    en

commit eff2645d8181fd135b6e5bfa5a38723446c2568b
Author: thuannguyen <thuannguyen@localhost.localdomain>
Date:   Thu Jul 27 12:18:01 2023 +0700

    en

commit 5cc263a2618c24491d53d4c092e9c7874395f280
Author: thuannguyen <thuannguyen@localhost.localdomain>
Date:   Thu Jul 27 12:17:40 2023 +0700

    en

commit 9f701e3df0f74430ae0f046992f20006fe6d8e4b
Author: thuannguyen <thuannguyen@localhost.localdomain>
Date:   Thu Jul 27 12:16:41 2023 +0700

    en

commit 824a065a2dae5c418f38299e53e78d13d747bcf6
Author: thuannguyen <thuannguyen@localhost.localdomain>
Date:   Thu Jul 27 12:04:04 2023 +0700

    en

commit ceb17bf2b298abcdc292de65af21854e3d4fb530
Author: thuannguyen <thuannguyen@localhost.localdomain>
Date:   Thu Jul 27 11:51:43 2023 +0700

    en

commit fd8d1dcf1bc48fc0ee3194b62c3664c621d772c2
Author: thuannguyen <thuannguyen@localhost.localdomain>
Date:   Thu Jul 27 10:24:18 2023 +0700

    en

commit b9aef2d8c02374276d885b9afb8f69ba92b18fb1
Author: thuannguyen <thuannguyen@localhost.localdomain>
Date:   Thu Jul 27 10:24:03 2023 +0700

    en

commit b760cf2aed48a3fbe9a0dd56f023032e7eae1a1e
Author: thuannguyen <thuannguyen@localhost.localdomain>
Date:   Thu Jul 27 08:20:13 2023 +0700

    en

commit e907141e8e3aafe32f160b708c552b09a1729f21
Author: thuannguyen <thuannguyen@localhost.localdomain>
Date:   Thu Jul 27 08:13:35 2023 +0700

    en

commit c4a82c07d32acc0704ef7533aafa645505460989
Author: thuannguyen <thuannguyen@localhost.localdomain>
Date:   Thu Jul 27 08:05:12 2023 +0700

    en

commit 4290f32749093d9af9d892f251629da2f42b801e
Author: thuannguyen <thuannguyen@localhost.localdomain>
Date:   Thu Jul 27 08:04:19 2023 +0700

    en

commit b5c28c77d7d631883ff0b637fec2be7d442f7d5e
Author: root <root@localhost.localdomain>
Date:   Thu Jul 27 07:58:36 2023 +0700

    en

commit 000b42ec2bb8d71d07798f0f6263c2bf0599ca3b
Author: thuannguyen <thuannguyen@localhost.localdomain>
Date:   Thu Jul 27 07:57:27 2023 +0700

    en

commit 30b01651d5d548cbe289b4c7174577a7c68bd1db
Author: thuan.nt <thuannguyen@lcs.com.vn>
Date:   Wed Jul 26 19:56:34 2023 +0700

    en

commit 6fbcee94129fc39e885a1bb53bf795d29b284f28
Author: thuan.nt <thuannguyen@lcs.com.vn>
Date:   Wed Jul 26 19:52:23 2023 +0700

    en

commit 04a4894501fbd4fa3891b02cacc1a0d32101d1ea
Author: thuannguyen <thuannguyen@localhost.localdomain>
Date:   Tue Jul 25 17:20:02 2023 +0700

    en

commit 5e35148c8fceffc7087e2a58269b0b218d9f13cc
Author: thuannguyen <thuannguyen@localhost.localdomain>
Date:   Tue Jul 25 17:19:43 2023 +0700

    en

commit 365b42247dc05829fdcfba0a09bd9c208c3e1bff
Author: thuannguyen <thuannguyen@localhost.localdomain>
Date:   Sat Jul 22 21:50:32 2023 +0700

    en

commit 1e1ed213f7acca20d7208687eed01a5c138ddb15
Author: thuannguyen <thuannguyen@localhost.localdomain>
Date:   Sat Jul 22 18:04:39 2023 +0700

    en

commit fd258d0af8946ba2ba3a584cc951ec64b6607b16
Author: thuannguyen <thuannguyen@localhost.localdomain>
Date:   Sat Jul 22 09:49:38 2023 +0700

    en

commit ec41287397b70465d88238e6f7ca5eaf5ddba173
Author: thuannguyen <thuannguyen@localhost.localdomain>
Date:   Sat Jul 22 08:55:21 2023 +0700

    en

commit 32946e25a3921b8465b708067c59408e168bb9cf
Author: thuannguyen <thuannguyen@localhost.localdomain>
Date:   Fri Jul 21 21:18:03 2023 +0700

    en

commit b56a1595d9d5dcb45c607e81cdb31c7ff081e5a5
Author: thuannguyen <thuannguyen@localhost.localdomain>
Date:   Fri Jul 21 18:54:55 2023 +0700

    en

commit ec39bb5d349569ca8499f16ed4e4b4b3d31742bc
Author: thuannguyen <thuannguyen@localhost.localdomain>
Date:   Fri Jul 21 18:50:18 2023 +0700

    en

commit 0b9da3e45328649fbbcaeff53f8a9533b5536745
Author: thuannguyen <thuannguyen@localhost.localdomain>
Date:   Fri Jul 21 18:47:51 2023 +0700

    en

commit 61ee9f36a5a22db4a9038137e366203133f71624
Author: thuannguyen <thuannguyen@localhost.localdomain>
Date:   Fri Jul 21 18:44:09 2023 +0700

    en

commit 0cc30c8e2ef56b99247483184a8376dbc3996a58
Author: thuannguyen <thuannguyen@localhost.localdomain>
Date:   Fri Jul 21 18:33:58 2023 +0700

    en

commit edd3eff4f82a1791f603b86298541aec5cec904d
Author: thuannguyen <thuannguyen@localhost.localdomain>
Date:   Fri Jul 21 18:26:21 2023 +0700

    en

commit 0e474539a47a5401c7b907148127d609f6625a3a
Author: root <root@localhost.localdomain>
Date:   Fri Jul 21 18:24:45 2023 +0700

    en

commit ddfec177d3610a9a45e7616c6b2fda3fc9ee1fb2
Author: thuannguyen <thuannguyen@localhost.localdomain>
Date:   Fri Jul 21 17:53:37 2023 +0700

    en

commit 43d965930fe9d2a62fd5ba904b3adcc808a68ce1
Author: thuannguyen <thuannguyen@localhost.localdomain>
Date:   Fri Jul 21 17:52:24 2023 +0700

    en

commit c9185384baa2e98f1cb1a73bb01a916911858d8c
Author: thuannguyen <thuannguyen@localhost.localdomain>
Date:   Thu Jul 20 17:35:51 2023 +0700

    en

commit 70854c3e717737f2689ca8f47e6826f12f1c6677
Author: thuannguyen <thuannguyen@localhost.localdomain>
Date:   Thu Jul 20 17:28:27 2023 +0700

    en

commit 02579e26aa98b5377022c1feb9aa57b04fadcf65
Author: thuannguyen <thuannguyen@localhost.localdomain>
Date:   Thu Jul 20 16:58:00 2023 +0700

    en

commit 528a43d1a45f3808e3335ce144a4d65d091a9646
Author: thuannguyen <thuannguyen@localhost.localdomain>
Date:   Wed Jul 19 17:01:20 2023 +0700

    en

commit 8847f4c87c0ab5664a5c1e996d15b76d0f9c11b4
Author: thuannguyen <thuannguyen@localhost.localdomain>
Date:   Sun Jul 16 21:23:04 2023 +0700

    en

commit a05deb2f1e9d2a9e98c522f19d2bf89b21926ed2
Author: thuannguyen <thuannguyen@localhost.localdomain>
Date:   Sun Jul 16 17:10:18 2023 +0700

    en

commit 5d457154a6b7457c1072b7d0716a6b3d1fd2181f
Author: thuannguyen <thuannguyen@localhost.localdomain>
Date:   Sat Jul 15 16:13:47 2023 +0700

    en

commit d832c1aedfe13bbc621294d68c3a60ec021f258b
Author: thuannguyen <thuannguyen@localhost.localdomain>
Date:   Sat Jul 15 10:22:58 2023 +0700

    en

commit e637c743be502c18fa0a417e475839a40527e240
Author: thuannguyen <thuannguyen@localhost.localdomain>
Date:   Sat Jul 15 10:09:49 2023 +0700

    en

commit 701e0c9a58096493868110d7b865fbc0a6e3cef3
Author: thuannguyen <thuannguyen@localhost.localdomain>
Date:   Fri Jul 14 20:42:55 2023 +0700

    en

commit 4b8b1e6e076a380e2e41b729d86c13facc174d7b
Author: thuannguyen <thuannguyen@localhost.localdomain>
Date:   Fri Jul 14 20:42:03 2023 +0700

    en

commit 25f5ee175dfcf1991a0ed833e14a8a374ee2d67e
Author: thuannguyen <thuannguyen@localhost.localdomain>
Date:   Fri Jul 14 10:45:42 2023 +0700

    en

commit 8223c5bbe4c9d6778ce19c8caa814b261a7fde4b
Author: thuannguyen <thuannguyen@localhost.localdomain>
Date:   Fri Jul 14 10:33:40 2023 +0700

    en

commit bd166297a5c64d122f7201151a9116c948aec4da
Author: thuannguyen <thuannguyen@localhost.localdomain>
Date:   Fri Jul 14 09:24:11 2023 +0700

    en

commit f79ff36f93576da143598f701595fbde50b25422
Author: thuannguyen <thuannguyen@localhost.localdomain>
Date:   Thu Jul 13 16:35:01 2023 +0700

    en

commit 1eae3f0ad966e7f369f4cdbcfc2ff182a7f866da
Author: thuannguyen <thuannguyen@localhost.localdomain>
Date:   Thu Jul 13 15:49:14 2023 +0700

    opencv

commit 4babefad055eb88cfe521722f067bbd205fff8d9
Author: thuannguyen <thuannguyen@localhost.localdomain>
Date:   Thu Jul 13 15:13:01 2023 +0700

    en

commit 0515a7e08540c56e9e0699ca77afd9b652d47475
Author: thuannguyen <thuannguyen@localhost.localdomain>
Date:   Wed Jul 12 22:13:24 2023 +0700

    W.R.Steven

commit 42b651fdb2628ddbad279d1a1e99653f15873e44
Author: thuannguyen <thuannguyen@localhost.localdomain>
Date:   Mon Jul 10 08:08:19 2023 +0700

    openc

commit 1c8400bf2d66ba62cfa70aee32770de2ce23811e
Author: thuannguyen <thuannguyen@localhost.localdomain>
Date:   Mon Jul 10 08:01:10 2023 +0700

    openCV

commit d01070ccfa42e3e37108691d3cf448f805f2f5a9
Author: thuannguyen <thuannguyen@localhost.localdomain>
Date:   Sun Jul 9 21:14:30 2023 +0700

    en

commit 6887883f7a21b644fbc7b9c40bd70011d27113f9
Author: thuannguyen <thuannguyen@localhost.localdomain>
Date:   Sun Jul 9 19:16:03 2023 +0700

    en

commit df0356662f02a75aae168e645cfc029fd2694c55
Author: thuannguyen <thuannguyen@localhost.localdomain>
Date:   Sun Jul 9 15:12:30 2023 +0700

    en

commit e36ae7fb4b744d35b6eb6160371910bf63a4e80b
Author: thuannguyen <thuannguyen@localhost.localdomain>
Date:   Sun Jul 9 11:18:49 2023 +0700

    en

commit 90a49bc3352dfdadbff20ad37c15bb63f4ca07fe
Author: thuannguyen <thuannguyen@localhost.localdomain>
Date:   Sun Jul 9 10:56:14 2023 +0700

    en

commit 3c3350b01aa7c4d946cd52241f86663c565e3a36
Author: thuannguyen <thuannguyen@localhost.localdomain>
Date:   Sun Jul 9 10:06:50 2023 +0700

    en

commit ac76ef103280d3bec1a14551fe5c509992687e12
Author: thuannguyen <thuannguyen@localhost.localdomain>
Date:   Sat Jul 8 21:29:26 2023 +0700

    en

commit f67ec70847129f172d93cca8afbc38fc8edb6b85
Author: thuan.nt <thuannguyen@lcs.com.vn>
Date:   Fri Jul 7 21:50:51 2023 +0700

    en

commit 4e4f023d11a4d0c4ab3d511a32b34a56c2702941
Author: thuan.nt <thuannguyen@lcs.com.vn>
Date:   Fri Jul 7 13:16:26 2023 +0700

    en

commit 911aeabc8795837d42ead60df238f31a2008ed76
Author: thuan.nt <thuannguyen@lcs.com.vn>
Date:   Fri Jul 7 12:46:59 2023 +0700

    en

commit 2fbecd3330c59816b7cf795747c810ac787bc47a
Author: thuan.nt <thuannguyen@lcs.com.vn>
Date:   Fri Jul 7 12:28:33 2023 +0700

    en

commit 54b1f836c143eb7f85ad150eedd5660188d15383
Author: thuannguyen <thuannguyen@localhost.localdomain>
Date:   Fri Jul 7 12:08:01 2023 +0700

    en

commit b0ac06d977c41f1ad3d3f4a07bcfcfc29fa1da3e
Author: thuannguyen <thuannguyen@localhost.localdomain>
Date:   Fri Jul 7 09:20:38 2023 +0700

    en

commit 6dd3751aebaa1f2fbd85756a018b74f8d4aef5a1
Author: thuan.nt <thuannguyen@lcs.com.vn>
Date:   Thu Jul 6 12:19:15 2023 +0700

    en

commit 84b3c2fcaf5350ebe32b81a2d929404ef9ec2f75
Author: thuan.nt <thuannguyen@lcs.com.vn>
Date:   Thu Jul 6 12:17:28 2023 +0700

    en

commit caf7820ef125f4bc7a072829bc15e5c9e146b0c2
Author: thuan.nt <thuannguyen@lcs.com.vn>
Date:   Thu Jul 6 12:16:28 2023 +0700

    en

commit 53a4c24cdf11261a800f2e28f38f3baefacb3821
Author: thuan.nt <thuannguyen@lcs.com.vn>
Date:   Thu Jul 6 12:08:34 2023 +0700

    en

commit 470c916da5f976bad07d7eb385647350d56a7b7b
Author: thuan.nt <thuannguyen@lcs.com.vn>
Date:   Thu Jul 6 10:48:51 2023 +0700

    en

commit 3ca6252756a14322ee8759c7ba27442fe511820b
Author: thuan.nt <thuannguyen@lcs.com.vn>
Date:   Thu Jul 6 10:37:34 2023 +0700

    en

commit f265b5e7252b87616090070dafdcae9fe44a198b
Author: thuan.nt <thuannguyen@lcs.com.vn>
Date:   Thu Jul 6 10:36:16 2023 +0700

    en

commit 863726874c0da87767d81c5f506b29e169b24dca
Author: thuan.nt <thuannguyen@lcs.com.vn>
Date:   Thu Jul 6 10:30:15 2023 +0700

    en

commit f8ad05e3f399374ada05206707c3c0f0b54a3ad7
Author: thuan.nt <thuannguyen@lcs.com.vn>
Date:   Thu Jul 6 10:25:13 2023 +0700

    en

commit 1a6404014830f3d48d7de87baa5ed3f7b05dcb70
Author: thuan.nt <thuannguyen@lcs.com.vn>
Date:   Wed Jul 5 19:47:55 2023 +0700

    en

commit 66ed1050a3a452ae292f2bc51fe8b99e9880f5b7
Author: thuan.nt <thuannguyen@lcs.com.vn>
Date:   Wed Jul 5 15:15:59 2023 +0700

    en

commit f2ec296a680878405dfd4cc2d622a3e24424bf38
Author: thuannguyen <thuannguyen@localhost.localdomain>
Date:   Wed Jul 5 15:11:06 2023 +0700

    en

commit ef1f2ced9b5770b7174e6185410d0d006c9a0f4b
Author: thuannguyen <thuannguyen@localhost.localdomain>
Date:   Sun Jul 2 23:53:38 2023 +0700

    en

commit b4e374507b9797b91e2966dccbebfc7a2296ec21
Author: thuannguyen <thuannguyen@localhost.localdomain>
Date:   Fri Jun 30 00:20:16 2023 +0700

    en

commit a6c5025af5876ae2fabe196e1894b3bd7e0adb40
Author: thuannguyen <thuannguyen@localhost.localdomain>
Date:   Thu Jun 29 12:06:36 2023 +0700

    en

commit 144023384c75fbf462a8b6381c50419768162d77
Author: thuannguyen <thuannguyen@localhost.localdomain>
Date:   Tue Jun 27 17:22:20 2023 +0700

    en

commit 1fca0067897ea18623b474ba4ef798a83c6fec34
Author: thuannguyen <thuannguyen@localhost.localdomain>
Date:   Tue Jun 27 12:00:05 2023 +0700

    en

commit a69702c32ae48b9024c29825dd1e75357e1995e7
Author: thuannguyen <thuannguyen@localhost.localdomain>
Date:   Sun Jun 25 18:02:49 2023 +0700

    en

commit 434c42f3390c63a96f37d118fee08feda53854ed
Author: thuannguyen <thuannguyen@localhost.localdomain>
Date:   Sat Jun 24 17:59:15 2023 +0700

    merge f1

commit cf9a3e376032caf0fed1db8cadd3a63450d47937
Author: thuanalg <nguyenthaithuanalg@gmail.com>
Date:   Sat Jun 24 17:11:43 2023 +0700

    en

commit 80f77f2c17a96c3a71fdf017ed89f0b0614086fd
Author: thuanalg <nguyenthaithuanalg@gmail.com>
Date:   Fri Jun 23 17:36:46 2023 +0700

    en

commit b6907c1db9df18673d6cdafdf39505a95dbaa702
Author: thuanalg <nguyenthaithuanalg@gmail.com>
Date:   Thu Jun 22 20:09:48 2023 +0700

    en

commit 76ba49f57b9fd406bbfe0d66f6439411e2d133a6
Author: thuanalg <nguyenthaithuanalg@gmail.com>
Date:   Wed Jun 21 17:26:29 2023 +0700

    en

commit 4dfccb92655ed82f6a63b0be2161060b3ffb12b1
Author: thuanalg <nguyenthaithuanalg@gmail.com>
Date:   Wed Jun 21 11:54:39 2023 +0700

    en

commit bcdfd91139feb0a747aa2a1ebc4a538034b1eb42
Author: thuannguyen <thuannguyen@localhost.localdomain>
Date:   Tue May 30 14:41:15 2023 +0700

    clean

commit 127f3cb8f2a5c91b2968066b65e8ec3d5f4c1df3
Author: thuannguyen <thuannguyen@localhost.localdomain>
Date:   Tue May 30 14:25:05 2023 +0700

    Merger code

commit a9f3dd186680abd385fae7d18042c11ebb103446
Author: thuannguyen <thuannguyen@localhost.localdomain>
Date:   Tue May 30 14:11:39 2023 +0700

    clean

commit 67107d9c941d0e21f0380c98d360bad751d1f43d
Author: thuannguyen <thuannguyen@localhost.localdomain>
Date:   Tue May 30 14:03:43 2023 +0700

    Merge from F1, done phase 1

commit c0584e0d2e935146ff40c12e831fe1dd11e4e4e0
Author: thuanalg <nguyenthaithuanalg@gmail.com>
Date:   Fri Sep 2 08:00:05 2022 +0700

    test

commit 6f561709615882cb01eeef76e499e2de7ed6f5e3
Author: thuanalg <nguyenthaithuanalg@gmail.com>
Date:   Thu Sep 1 22:29:24 2022 +0700

    aaa

commit a637dd0de18ca43281d7837b2735d06963e4b7b8
Author: thuanalg <nguyenthaithuanalg@gmail.com>
Date:   Thu Sep 1 21:35:52 2022 +0700

    shm

commit 54d69208bf6e3a4484a10826e250dd47ef6dc2ca
Author: ThuanNguyen <thuan.nguyen@localhost.localdomain>
Date:   Sat Jul 30 20:17:48 2022 +0700

    Shared data

commit a19f89fe28532e199cc3317d6839e986f983806d
Author: ThuanNguyen <thuan.nguyen@localhost.localdomain>
Date:   Tue Jul 12 17:11:34 2022 +0700

    Simple Macro!

commit ff664e91c4b9592cd904a0b13db89eebcd8459b1
Author: ThuanNguyen <thuan.nguyen@localhost.localdomain>
Date:   Tue Jul 12 17:08:35 2022 +0700

    test git

commit 586637cf046f3a858ba458e5d4b846b20c7d303d
Author: thuanalg <47805075+thuanalg@users.noreply.github.com>
Date:   Tue Jul 12 16:59:40 2022 +0700

    readme
    
    read me
